2025-01-19 15:55:51,540 [ERROR] LogOutputStream:75 - [STDERR_REDIRECT] 
2025-01-19 17:59:56,354 [INFO] Activator:176 - 


2025-01-19 17:59:56,358 [INFO] Activator:177 - !SESSION log4j initialized
2025-01-19 18:00:08,316 [INFO] LogOutputStream:77 - [STDOUT_REDIRECT] 
2025-01-19 18:00:10,287 [INFO] ApplicationProperties:184 - Using Application install path: C:\ST\STM32CubeIDE_1.15.0\STM32CubeIDE\plugins\com.st.stm32cube.common.mx_6.11.0.202403141607
2025-01-19 18:00:10,307 [INFO] DbMcusXml:78 - Set database path to: C:\ST\STM32CubeIDE_1.15.0\STM32CubeIDE\plugins\com.st.stm32cube.common.mx_6.11.0.202403141607\\db\/mcu/
2025-01-19 18:00:10,307 [INFO] ApiDb:274 - Set plugin database path to: C:\ST\STM32CubeIDE_1.15.0\STM32CubeIDE\plugins\com.st.stm32cube.common.mx_6.11.0.202403141607\\db\/plugins/boardmanager/
2025-01-19 18:00:10,307 [WARN] ApiDb:259 - Overriding images path with different value:  => C:\ST\STM32CubeIDE_1.15.0\STM32CubeIDE\plugins\com.st.stm32cube.common.mx_6.11.0.202403141607\\db\/plugins/mcufinder/images/
2025-01-19 18:00:10,320 [INFO] ApiDb:250 - Set database path to: C:\Users\Goggy\.stmcufinder\plugins\mcufinder//mcu/
2025-01-19 18:00:10,321 [INFO] DbMcusAds:125 - Set database path to: C:\Users\Goggy\.stmcufinder\plugins\mcufinder//mcu/
2025-01-19 18:00:10,323 [INFO] CrossReferenceDbSqlite:203 - Set database path to: C:\Users\Goggy\.stmcufinder\plugins\mcufinder//mcu/cs/
2025-01-19 18:00:10,631 [INFO] RulesReader:64 - Compatibility file has been processed (297 Rules)
2025-01-19 18:00:10,745 [INFO] DbMcusXml:78 - Set database path to: C:\ST\STM32CubeIDE_1.15.0\STM32CubeIDE\plugins\com.st.stm32cube.common.mx_6.11.0.202403141607\\db\/mcu/
2025-01-19 18:00:10,745 [INFO] ApiDb:274 - Set plugin database path to: C:\ST\STM32CubeIDE_1.15.0\STM32CubeIDE\plugins\com.st.stm32cube.common.mx_6.11.0.202403141607\\db\/plugins/boardmanager/
2025-01-19 18:00:10,745 [INFO] ApiDb:261 - Set plugin images path to: C:\ST\STM32CubeIDE_1.15.0\STM32CubeIDE\plugins\com.st.stm32cube.common.mx_6.11.0.202403141607\\db\/plugins/mcufinder/images/
2025-01-19 18:00:10,745 [WARN] DbFile:41 - Overriding database path with different value: C:\Users\Goggy\.stmcufinder\plugins\mcufinder/ => C:\Users\Goggy\.stmcufinder\plugins\mcufinder
2025-01-19 18:00:10,749 [INFO] ApiDb:250 - Set database path to: C:\Users\Goggy\.stmcufinder\plugins\mcufinder//mcu/
2025-01-19 18:00:10,749 [WARN] DbFile:41 - Overriding database path with different value: C:\Users\Goggy\.stmcufinder\plugins\mcufinder/ => C:\Users\Goggy\.stmcufinder\plugins\mcufinder
2025-01-19 18:00:10,749 [INFO] DbMcusAds:125 - Set database path to: C:\Users\Goggy\.stmcufinder\plugins\mcufinder//mcu/
2025-01-19 18:00:10,749 [WARN] DbFile:41 - Overriding database path with different value: C:\Users\Goggy\.stmcufinder\plugins\mcufinder/ => C:\Users\Goggy\.stmcufinder\plugins\mcufinder
2025-01-19 18:00:10,749 [WARN] DbFile:41 - Overriding database path with different value: C:\Users\Goggy\.stmcufinder\plugins\mcufinder/ => C:\Users\Goggy\.stmcufinder\plugins\mcufinder
2025-01-19 18:00:10,749 [INFO] CrossReferenceDbSqlite:203 - Set database path to: C:\Users\Goggy\.stmcufinder\plugins\mcufinder//mcu/cs/
2025-01-19 18:00:11,322 [INFO] MainPanel:264 - HeapMemory: 268435456
2025-01-19 18:00:11,447 [INFO] DbMcusXml:78 - Set database path to: C:\ST\STM32CubeIDE_1.15.0\STM32CubeIDE\plugins\com.st.stm32cube.common.mx_6.11.0.202403141607\\db\/mcu/
2025-01-19 18:00:11,447 [INFO] ApiDb:274 - Set plugin database path to: C:\ST\STM32CubeIDE_1.15.0\STM32CubeIDE\plugins\com.st.stm32cube.common.mx_6.11.0.202403141607\\db\/plugins/boardmanager/
2025-01-19 18:00:11,447 [INFO] ApiDb:261 - Set plugin images path to: C:\ST\STM32CubeIDE_1.15.0\STM32CubeIDE\plugins\com.st.stm32cube.common.mx_6.11.0.202403141607\\db\/plugins/mcufinder/images/
2025-01-19 18:00:11,447 [WARN] DbFile:41 - Overriding database path with different value: C:\Users\Goggy\.stmcufinder\plugins\mcufinder/ => C:\Users\Goggy\.stmcufinder\plugins\mcufinder
2025-01-19 18:00:11,447 [INFO] ApiDb:250 - Set database path to: C:\Users\Goggy\.stmcufinder\plugins\mcufinder//mcu/
2025-01-19 18:00:11,447 [WARN] DbFile:41 - Overriding database path with different value: C:\Users\Goggy\.stmcufinder\plugins\mcufinder/ => C:\Users\Goggy\.stmcufinder\plugins\mcufinder
2025-01-19 18:00:11,447 [INFO] DbMcusAds:125 - Set database path to: C:\Users\Goggy\.stmcufinder\plugins\mcufinder//mcu/
2025-01-19 18:00:11,447 [WARN] DbFile:41 - Overriding database path with different value: C:\Users\Goggy\.stmcufinder\plugins\mcufinder/ => C:\Users\Goggy\.stmcufinder\plugins\mcufinder
2025-01-19 18:00:11,447 [WARN] DbFile:41 - Overriding database path with different value: C:\Users\Goggy\.stmcufinder\plugins\mcufinder/ => C:\Users\Goggy\.stmcufinder\plugins\mcufinder
2025-01-19 18:00:11,447 [INFO] CrossReferenceDbSqlite:203 - Set database path to: C:\Users\Goggy\.stmcufinder\plugins\mcufinder//mcu/cs/
2025-01-19 18:00:11,467 [INFO] ApplicationProperties:184 - Using Application install path: C:\ST\STM32CubeIDE_1.15.0\STM32CubeIDE\plugins\com.st.stm32cube.common.mx_6.11.0.202403141607
2025-01-19 18:00:11,469 [INFO] PluginManage:196 - Search for loadable plugins [exclusion list=, ]
2025-01-19 18:00:11,470 [INFO] PluginManage:310 - Check plugin analytics
2025-01-19 18:00:11,738 [INFO] AnalyticsPlugin:253 - Accepted Software Licenses: 
2025-01-19 18:00:11,738 [INFO] AnalyticsPlugin:255 - Accepted CMSIS Pack Licenses: 
2025-01-19 18:00:11,738 [INFO] AnalyticsPlugin:257 - Accepted Firmware Licenses: 
2025-01-19 18:00:11,740 [INFO] PluginManage:359 - Loaded plugin analytics (category:tool,tabindex:-1)
2025-01-19 18:00:11,740 [INFO] PluginManage:310 - Check plugin cadmodel
2025-01-19 18:00:11,761 [INFO] CADModel:105 - Init CAD model plugin
2025-01-19 18:00:11,761 [INFO] PluginManage:359 - Loaded plugin cadmodel (category:power,tabindex:5)
2025-01-19 18:00:11,761 [INFO] PluginManage:310 - Check plugin clock
2025-01-19 18:00:11,789 [INFO] PluginManage:359 - Loaded plugin clock (category:base,tabindex:2)
2025-01-19 18:00:11,789 [INFO] PluginManage:310 - Check plugin ddr
2025-01-19 18:00:11,792 [INFO] PluginManage:359 - Loaded plugin ddr (category:tool,tabindex:6)
2025-01-19 18:00:11,792 [INFO] PluginManage:310 - Check plugin filemanager
2025-01-19 18:00:11,965 [INFO] PluginManage:359 - Loaded plugin filemanager (category:base,tabindex:10)
2025-01-19 18:00:11,965 [INFO] PluginManage:310 - Check plugin ipmanager
2025-01-19 18:00:11,972 [INFO] PluginManage:359 - Loaded plugin ipmanager (category:base,tabindex:5)
2025-01-19 18:00:11,972 [INFO] PluginManage:310 - Check plugin lpbam
2025-01-19 18:00:11,997 [INFO] PluginManage:359 - Loaded plugin lpbam (category:base,tabindex:0)
2025-01-19 18:00:11,997 [INFO] PluginManage:310 - Check plugin memorymap
2025-01-19 18:00:12,026 [INFO] PluginManage:359 - Loaded plugin memorymap (category:base,tabindex:4)
2025-01-19 18:00:12,026 [INFO] PluginManage:310 - Check plugin pinoutandconfiguration
2025-01-19 18:00:12,045 [INFO] PluginManage:359 - Loaded plugin pinoutandconfiguration (category:base,tabindex:1)
2025-01-19 18:00:12,046 [INFO] PluginManage:310 - Check plugin pinoutconfig
2025-01-19 18:00:12,147 [WARN] SupportedApi:132 - Cannot load RTOS API schema: s4s-elt-must-match.1: The content of 'definitions' must match (annotation?, (simpleType | complexType)?, (unique | key | keyref)*)). A problem was found starting at: attribute.
2025-01-19 18:00:12,377 [INFO] PluginManage:359 - Loaded plugin pinoutconfig (category:base,tabindex:0)
2025-01-19 18:00:12,377 [INFO] PluginManage:310 - Check plugin power
2025-01-19 18:00:12,402 [INFO] PluginManage:359 - Loaded plugin power (category:power,tabindex:4)
2025-01-19 18:00:12,402 [INFO] PluginManage:310 - Check plugin projectmanager
2025-01-19 18:00:12,417 [INFO] PluginManage:359 - Loaded plugin projectmanager (category:projectmanager,tabindex:3)
2025-01-19 18:00:12,417 [INFO] PluginManage:310 - Check plugin thirdparty
2025-01-19 18:00:12,733 [INFO] PluginManage:359 - Loaded plugin thirdparty (category:base,tabindex:-1)
2025-01-19 18:00:12,734 [INFO] PluginManage:310 - Check plugin tools
2025-01-19 18:00:12,733 [WARN] IntegrityCheckThread:84 - waiting for thirdparty lock release [integrity check]
2025-01-19 18:00:12,734 [INFO] IntegrityCheckThread:86 - entering critical section [integrity check]
2025-01-19 18:00:12,734 [INFO] ThirdPartyUpdaterWithRetryManager:70 - Updater plugin not ready yet. [1/15]
2025-01-19 18:00:12,771 [INFO] PluginManage:359 - Loaded plugin tools (category:base,tabindex:7)
2025-01-19 18:00:12,771 [INFO] PluginManage:310 - Check plugin tutovideos
2025-01-19 18:00:12,984 [INFO] PluginManage:359 - Loaded plugin tutovideos (category:base,tabindex:-1)
2025-01-19 18:00:12,984 [INFO] PluginManage:310 - Check plugin updater
2025-01-19 18:00:12,998 [INFO] PluginManage:359 - Loaded plugin updater (category:base,tabindex:12)
2025-01-19 18:00:12,998 [INFO] PluginManage:310 - Check plugin userauth
2025-01-19 18:00:13,005 [INFO] UserAuth:114 - Init User Auth plugin
2025-01-19 18:00:13,005 [INFO] PluginManage:359 - Loaded plugin userauth (category:base,tabindex:14)
2025-01-19 18:00:13,005 [INFO] PluginManage:283 - PluginManage : Loaded plugins [17]
2025-01-19 18:00:13,247 [INFO] PinOutPanel:1561 - setPackage(No Configuration,No Configuration)
2025-01-19 18:00:13,652 [INFO] CADModel:165 - CPN selected for project level
2025-01-19 18:00:13,652 [INFO] CADModel:114 - Register for checkConnection events
2025-01-19 18:00:13,684 [INFO] IPUIPlugin:80 - create IPUIPlugin
2025-01-19 18:00:13,685 [INFO] PluginManager:220 - loadIPPluginJar : add adc
2025-01-19 18:00:13,741 [INFO] IPUIPlugin:80 - create IPUIPlugin
2025-01-19 18:00:13,742 [INFO] PluginManager:220 - loadIPPluginJar : add aes
2025-01-19 18:00:13,788 [INFO] IPUIPlugin:80 - create IPUIPlugin
2025-01-19 18:00:13,788 [INFO] PluginManager:220 - loadIPPluginJar : add can
2025-01-19 18:00:13,814 [INFO] IPUIPlugin:80 - create IPUIPlugin
2025-01-19 18:00:13,814 [INFO] PluginManager:220 - loadIPPluginJar : add comp
2025-01-19 18:00:13,852 [INFO] IPUIPlugin:80 - create IPUIPlugin
2025-01-19 18:00:13,852 [INFO] PluginManager:220 - loadIPPluginJar : add cryp
2025-01-19 18:00:13,886 [INFO] IPUIPlugin:80 - create IPUIPlugin
2025-01-19 18:00:13,886 [INFO] PluginManager:220 - loadIPPluginJar : add dfsdm
2025-01-19 18:00:13,902 [INFO] IPUIPlugin:80 - create IPUIPlugin
2025-01-19 18:00:13,903 [INFO] PluginManager:220 - loadIPPluginJar : add dma
2025-01-19 18:00:13,958 [INFO] IPUIPlugin:80 - create IPUIPlugin
2025-01-19 18:00:13,958 [INFO] PluginManager:220 - loadIPPluginJar : add dma3
2025-01-19 18:00:14,007 [INFO] IPUIPlugin:80 - create IPUIPlugin
2025-01-19 18:00:14,008 [INFO] PluginManager:220 - loadIPPluginJar : add extmemmanager
2025-01-19 18:00:14,031 [INFO] IPUIPlugin:80 - create IPUIPlugin
2025-01-19 18:00:14,031 [INFO] PluginManager:220 - loadIPPluginJar : add fatfs
2025-01-19 18:00:14,084 [INFO] IPUIPlugin:80 - create IPUIPlugin
2025-01-19 18:00:14,084 [INFO] PluginManager:220 - loadIPPluginJar : add fmc
2025-01-19 18:00:14,103 [INFO] IPUIPlugin:80 - create IPUIPlugin
2025-01-19 18:00:14,103 [INFO] PluginManager:220 - loadIPPluginJar : add freertos
2025-01-19 18:00:14,126 [INFO] IPUIPlugin:80 - create IPUIPlugin
2025-01-19 18:00:14,126 [INFO] PluginManager:220 - loadIPPluginJar : add genericplugin
2025-01-19 18:00:14,229 [INFO] IPUIPlugin:80 - create IPUIPlugin
2025-01-19 18:00:14,229 [INFO] PluginManager:220 - loadIPPluginJar : add gfxmmu
2025-01-19 18:00:14,370 [INFO] IPUIPlugin:80 - create IPUIPlugin
2025-01-19 18:00:14,370 [INFO] PluginManager:220 - loadIPPluginJar : add gic
2025-01-19 18:00:14,384 [INFO] IPUIPlugin:80 - create IPUIPlugin
2025-01-19 18:00:14,386 [INFO] PluginManager:220 - loadIPPluginJar : add gpio
2025-01-19 18:00:14,481 [INFO] IPUIPlugin:80 - create IPUIPlugin
2025-01-19 18:00:14,481 [INFO] PluginManager:220 - loadIPPluginJar : add gtzc
2025-01-19 18:00:14,516 [INFO] IPUIPlugin:80 - create IPUIPlugin
2025-01-19 18:00:14,516 [INFO] PluginManager:220 - loadIPPluginJar : add hash
2025-01-19 18:00:14,573 [INFO] IPUIPlugin:80 - create IPUIPlugin
2025-01-19 18:00:14,573 [INFO] PluginManager:220 - loadIPPluginJar : add i2c
2025-01-19 18:00:14,615 [INFO] IPUIPlugin:80 - create IPUIPlugin
2025-01-19 18:00:14,617 [INFO] PluginManager:220 - loadIPPluginJar : add i2s
2025-01-19 18:00:14,662 [INFO] IPUIPlugin:80 - create IPUIPlugin
2025-01-19 18:00:14,662 [INFO] PluginManager:220 - loadIPPluginJar : add i3c
2025-01-19 18:00:14,771 [INFO] IPUIPlugin:80 - create IPUIPlugin
2025-01-19 18:00:14,773 [INFO] PluginManager:220 - loadIPPluginJar : add ipddr
2025-01-19 18:00:14,872 [INFO] IPUIPlugin:80 - create IPUIPlugin
2025-01-19 18:00:14,872 [INFO] PluginManager:220 - loadIPPluginJar : add linkedlist
2025-01-19 18:00:14,910 [INFO] IPUIPlugin:80 - create IPUIPlugin
2025-01-19 18:00:14,910 [INFO] PluginManager:220 - loadIPPluginJar : add lorawan
2025-01-19 18:00:14,951 [INFO] IPUIPlugin:80 - create IPUIPlugin
2025-01-19 18:00:14,951 [INFO] PluginManager:220 - loadIPPluginJar : add ltdc
2025-01-19 18:00:14,968 [INFO] IPUIPlugin:80 - create IPUIPlugin
2025-01-19 18:00:14,968 [INFO] PluginManager:220 - loadIPPluginJar : add mdma
2025-01-19 18:00:14,982 [INFO] IPUIPlugin:80 - create IPUIPlugin
2025-01-19 18:00:14,983 [INFO] PluginManager:220 - loadIPPluginJar : add nvic
2025-01-19 18:00:15,023 [INFO] IPUIPlugin:80 - create IPUIPlugin
2025-01-19 18:00:15,023 [INFO] PluginManager:220 - loadIPPluginJar : add opamp
2025-01-19 18:00:15,087 [INFO] IPUIPlugin:80 - create IPUIPlugin
2025-01-19 18:00:15,087 [INFO] PluginManager:220 - loadIPPluginJar : add openamp
2025-01-19 18:00:15,132 [INFO] IPUIPlugin:80 - create IPUIPlugin
2025-01-19 18:00:15,132 [INFO] PluginManager:220 - loadIPPluginJar : add pdm2pcm
2025-01-19 18:00:15,150 [INFO] IPUIPlugin:80 - create IPUIPlugin
2025-01-19 18:00:15,152 [INFO] PluginManager:220 - loadIPPluginJar : add plateformsettings
2025-01-19 18:00:15,176 [INFO] IPUIPlugin:80 - create IPUIPlugin
2025-01-19 18:00:15,176 [INFO] PluginManager:220 - loadIPPluginJar : add quadspi
2025-01-19 18:00:15,192 [INFO] IPUIPlugin:80 - create IPUIPlugin
2025-01-19 18:00:15,192 [INFO] PluginManager:220 - loadIPPluginJar : add resmgrutility
2025-01-19 18:00:15,247 [INFO] IPUIPlugin:80 - create IPUIPlugin
2025-01-19 18:00:15,247 [INFO] PluginManager:220 - loadIPPluginJar : add sai
2025-01-19 18:00:15,287 [INFO] IPUIPlugin:80 - create IPUIPlugin
2025-01-19 18:00:15,289 [INFO] PluginManager:220 - loadIPPluginJar : add spi
2025-01-19 18:00:15,366 [INFO] IPUIPlugin:80 - create IPUIPlugin
2025-01-19 18:00:15,367 [INFO] PluginManager:220 - loadIPPluginJar : add stm32_wpan
2025-01-19 18:00:15,392 [INFO] IPUIPlugin:80 - create IPUIPlugin
2025-01-19 18:00:15,394 [INFO] PluginManager:220 - loadIPPluginJar : add tim
2025-01-19 18:00:15,457 [INFO] IPUIPlugin:80 - create IPUIPlugin
2025-01-19 18:00:15,457 [INFO] PluginManager:220 - loadIPPluginJar : add touchsensing
2025-01-19 18:00:15,484 [INFO] IPUIPlugin:80 - create IPUIPlugin
2025-01-19 18:00:15,484 [INFO] PluginManager:220 - loadIPPluginJar : add tracer_emb
2025-01-19 18:00:15,513 [INFO] IPUIPlugin:80 - create IPUIPlugin
2025-01-19 18:00:15,514 [INFO] PluginManager:220 - loadIPPluginJar : add ts
2025-01-19 18:00:15,541 [INFO] IPUIPlugin:80 - create IPUIPlugin
2025-01-19 18:00:15,541 [INFO] PluginManager:220 - loadIPPluginJar : add tsc
2025-01-19 18:00:15,568 [INFO] IPUIPlugin:80 - create IPUIPlugin
2025-01-19 18:00:15,568 [INFO] PluginManager:220 - loadIPPluginJar : add ucpd
2025-01-19 18:00:15,615 [INFO] IPUIPlugin:80 - create IPUIPlugin
2025-01-19 18:00:15,615 [INFO] PluginManager:220 - loadIPPluginJar : add usart
2025-01-19 18:00:15,662 [INFO] IPUIPlugin:80 - create IPUIPlugin
2025-01-19 18:00:15,662 [INFO] PluginManager:220 - loadIPPluginJar : add usbx
2025-01-19 18:00:15,735 [INFO] ThirdPartyUpdaterWithRetryManager:70 - Updater plugin not ready yet. [2/15]
2025-01-19 18:00:15,790 [INFO] CADModel:165 - CPN selected for project level
2025-01-19 18:00:15,791 [INFO] CADModel:114 - Register for checkConnection events
2025-01-19 18:00:15,791 [FATAL] Updater:308 - Updater called before beeing initialized
2025-01-19 18:00:15,791 [ERROR] CADModel:125 - Updater not yet initialized, retry later 
2025-01-19 18:00:15,930 [INFO] CADModel:165 - CPN selected for project level
2025-01-19 18:00:15,930 [INFO] CADModel:114 - Register for checkConnection events
2025-01-19 18:00:15,931 [FATAL] Updater:308 - Updater called before beeing initialized
2025-01-19 18:00:15,931 [ERROR] CADModel:125 - Updater not yet initialized, retry later 
2025-01-19 18:00:15,934 [FATAL] Updater:308 - Updater called before beeing initialized
2025-01-19 18:00:16,042 [FATAL] Updater:308 - Updater called before beeing initialized
2025-01-19 18:00:16,054 [INFO] DbMcusAds:53 - JSON generation date=Thu May 16 12:22:00 MSK 2024 (1715851320667)
2025-01-19 18:00:16,055 [FATAL] Updater:308 - Updater called before beeing initialized
2025-01-19 18:00:16,160 [WARN] DetailPanel:346 - Failed to get advertising image, set to default
2025-01-19 18:00:16,248 [FATAL] Updater:308 - Updater called before beeing initialized
2025-01-19 18:00:16,250 [FATAL] Updater:308 - Updater called before beeing initialized
2025-01-19 18:00:16,250 [FATAL] Updater:308 - Updater called before beeing initialized
2025-01-19 18:00:16,250 [WARN] DetailPanel:346 - Failed to get advertising image, set to default
2025-01-19 18:00:16,252 [FATAL] Updater:308 - Updater called before beeing initialized
2025-01-19 18:00:16,312 [ERROR] Updater:1120 - MainUpdater not yet initialized. External WinMGr cannot be set.
2025-01-19 18:00:16,322 [INFO] Updater:1056 - Updater Version found : 6.11.0
2025-01-19 18:00:16,342 [INFO] ApplicationProperties:184 - Using Application install path: C:\ST\STM32CubeIDE_1.15.0\STM32CubeIDE\plugins\com.st.stm32cube.common.mx_6.11.0.202403141607
2025-01-19 18:00:17,920 [ERROR] LogOutputStream:75 - [STDERR_REDIRECT] Jan 19, 2025 6:00:17 PM java.util.prefs.WindowsPreferences <init>
2025-01-19 18:00:18,377 [ERROR] LogOutputStream:75 - [STDERR_REDIRECT] WARNING: Could not open/create prefs root node Software\JavaSoft\Prefs at root 0xffffffff80000002. Windows RegCreateKeyEx(...) returned error code 5.
2025-01-19 18:00:18,378 [ERROR] LogOutputStream:75 - [STDERR_REDIRECT] 
2025-01-19 18:00:18,738 [FATAL] Updater:308 - Updater called before beeing initialized
2025-01-19 18:00:18,738 [ERROR] IntegrityCheckThread:130 - Cannot retrieve database content from updater: error 21
2025-01-19 18:00:18,738 [INFO] ThirdParty:978 - Integrity check success = false
2025-01-19 18:00:18,738 [INFO] IntegrityCheckThread:100 - exiting critical section [integrity check]
2025-01-19 18:00:18,738 [INFO] IntegrityCheckThread:103 - End integrity checks thread
2025-01-19 18:00:20,853 [ERROR] ConfigurationRetriever:142 - IOException on connection: Read timed out
2025-01-19 18:00:21,522 [INFO] MainUpdater:2873 - connection check result : 10
2025-01-19 18:00:21,522 [INFO] MainUpdater:3567 - Updater definition file requires update
2025-01-19 18:00:21,523 [INFO] MainUpdater:290 - Updater Check For Update Now.
2025-01-19 18:00:21,523 [INFO] MicroXplorer:498 - Change Database Version : DB.6.0.110
2025-01-19 18:00:21,543 [INFO] McuFinderGlobals:63 - Set McuFinder mode to 2 (CubeIDE integrated)
2025-01-19 18:00:21,543 [INFO] UserAuth:179 - activating auth plugin
2025-01-19 18:00:21,546 [INFO] UserAuth:415 - Internet connection configuration mode: 1
2025-01-19 18:00:21,577 [INFO] JxBrowserEngine:152 - Initiate JxBrowser Engine with user profile folder
2025-01-19 18:00:24,555 [INFO] ServerAccessManage:473 - Download File updaters.zip
2025-01-19 18:00:26,788 [INFO] FileExtend:240 - Unzip File : updaters.zip
2025-01-19 18:00:26,789 [INFO] FileExtend:255 - Standard Zip Deflate
2025-01-19 18:00:28,421 [INFO] ServerAccessManage:473 - Download File PacksControlFlags.xml
2025-01-19 18:00:29,605 [INFO] ServerAccessManage:473 - Download File cubemx.pidx
2025-01-19 18:00:30,077 [INFO] LoadServerUpdatesThread:375 - End of LoadServerUpdate Thread
2025-01-19 18:00:30,231 [INFO] WebApp:161 - Instantiating new browser for Auth
2025-01-19 18:00:30,273 [INFO] CheckServerUpdateThread:120 - End of CheckServer Thread
2025-01-19 18:00:31,699 [INFO] WebApp:779 - Register for checkConnection events
2025-01-19 18:00:31,699 [INFO] WebApp:414 - Apply proxy settings
2025-01-19 18:00:31,700 [INFO] WebApp:499 - Chromium requires no authentication
2025-01-19 18:00:31,709 [INFO] WebApp:442 - Direct internet connection detected
2025-01-19 18:00:31,901 [INFO] WebApp:192 - Starting web application
2025-01-19 18:00:31,901 [INFO] WebApp:544 - Web application path used C:\ST\STM32CubeIDE_1.15.0\STM32CubeIDE\plugins\com.st.stm32cube.common.mx_6.11.0.202403141607\db\plugins\mcufinder\reactClient1\index.html
2025-01-19 18:20:05,467 [ERROR] ConfigurationRetriever:142 - IOException on connection: Read timed out
2025-01-19 18:27:56,432 [ERROR] ConfigurationRetriever:142 - IOException on connection: Read timed out
2025-01-19 18:27:59,347 [ERROR] ConfigurationRetriever:142 - IOException on connection: Read timed out
2025-01-19 22:01:13,161 [ERROR] ConfigurationRetriever:142 - IOException on connection: Connect timed out
2025-01-19 22:01:15,167 [ERROR] ConfigurationRetriever:142 - IOException on connection: Connect timed out
2025-01-19 22:01:17,167 [ERROR] ConfigurationRetriever:142 - IOException on connection: Connect timed out
