2024-07-26 15:20:59,496 [ERROR] ConfigurationRetriever:142 - IOException on connection: Read timed out
2024-07-26 15:23:54,006 [ERROR] ConfigurationRetriever:142 - IOException on connection: Read timed out
2024-07-26 15:23:56,008 [ERROR] ConfigurationRetriever:142 - IOException on connection: Connect timed out
2024-07-26 15:23:58,102 [ERROR] ConfigurationRetriever:142 - IOException on connection: Read timed out
2024-07-26 15:51:51,642 [ERROR] LogOutputStream:75 - [STDERR_REDIRECT] 
2024-07-26 15:54:37,989 [INFO] Activator:176 - 


2024-07-26 15:54:37,990 [INFO] Activator:177 - !SESSION log4j initialized
2024-07-26 15:54:44,265 [INFO] LogOutputStream:77 - [STDOUT_REDIRECT] 
2024-07-26 15:54:56,933 [INFO] ApplicationProperties:184 - Using Application install path: C:\ST\STM32CubeIDE_1.15.0\STM32CubeIDE\plugins\com.st.stm32cube.common.mx_6.11.0.202403141607
2024-07-26 15:54:56,954 [INFO] DbMcusXml:78 - Set database path to: C:\ST\STM32CubeIDE_1.15.0\STM32CubeIDE\plugins\com.st.stm32cube.common.mx_6.11.0.202403141607\\db\/mcu/
2024-07-26 15:54:56,954 [INFO] ApiDb:274 - Set plugin database path to: C:\ST\STM32CubeIDE_1.15.0\STM32CubeIDE\plugins\com.st.stm32cube.common.mx_6.11.0.202403141607\\db\/plugins/boardmanager/
2024-07-26 15:54:56,955 [WARN] ApiDb:259 - Overriding images path with different value:  => C:\ST\STM32CubeIDE_1.15.0\STM32CubeIDE\plugins\com.st.stm32cube.common.mx_6.11.0.202403141607\\db\/plugins/mcufinder/images/
2024-07-26 15:54:56,962 [INFO] ApiDb:250 - Set database path to: C:\Users\Goggy\.stmcufinder\plugins\mcufinder//mcu/
2024-07-26 15:54:56,963 [INFO] DbMcusAds:125 - Set database path to: C:\Users\Goggy\.stmcufinder\plugins\mcufinder//mcu/
2024-07-26 15:54:56,965 [INFO] CrossReferenceDbSqlite:203 - Set database path to: C:\Users\Goggy\.stmcufinder\plugins\mcufinder//mcu/cs/
2024-07-26 15:54:57,107 [INFO] RulesReader:64 - Compatibility file has been processed (297 Rules)
2024-07-26 15:54:57,232 [INFO] DbMcusXml:78 - Set database path to: C:\ST\STM32CubeIDE_1.15.0\STM32CubeIDE\plugins\com.st.stm32cube.common.mx_6.11.0.202403141607\\db\/mcu/
2024-07-26 15:54:57,232 [INFO] ApiDb:274 - Set plugin database path to: C:\ST\STM32CubeIDE_1.15.0\STM32CubeIDE\plugins\com.st.stm32cube.common.mx_6.11.0.202403141607\\db\/plugins/boardmanager/
2024-07-26 15:54:57,232 [INFO] ApiDb:261 - Set plugin images path to: C:\ST\STM32CubeIDE_1.15.0\STM32CubeIDE\plugins\com.st.stm32cube.common.mx_6.11.0.202403141607\\db\/plugins/mcufinder/images/
2024-07-26 15:54:57,232 [WARN] DbFile:41 - Overriding database path with different value: C:\Users\Goggy\.stmcufinder\plugins\mcufinder/ => C:\Users\Goggy\.stmcufinder\plugins\mcufinder
2024-07-26 15:54:57,232 [INFO] ApiDb:250 - Set database path to: C:\Users\Goggy\.stmcufinder\plugins\mcufinder//mcu/
2024-07-26 15:54:57,232 [WARN] DbFile:41 - Overriding database path with different value: C:\Users\Goggy\.stmcufinder\plugins\mcufinder/ => C:\Users\Goggy\.stmcufinder\plugins\mcufinder
2024-07-26 15:54:57,232 [INFO] DbMcusAds:125 - Set database path to: C:\Users\Goggy\.stmcufinder\plugins\mcufinder//mcu/
2024-07-26 15:54:57,232 [WARN] DbFile:41 - Overriding database path with different value: C:\Users\Goggy\.stmcufinder\plugins\mcufinder/ => C:\Users\Goggy\.stmcufinder\plugins\mcufinder
2024-07-26 15:54:57,232 [WARN] DbFile:41 - Overriding database path with different value: C:\Users\Goggy\.stmcufinder\plugins\mcufinder/ => C:\Users\Goggy\.stmcufinder\plugins\mcufinder
2024-07-26 15:54:57,232 [INFO] CrossReferenceDbSqlite:203 - Set database path to: C:\Users\Goggy\.stmcufinder\plugins\mcufinder//mcu/cs/
2024-07-26 15:54:57,314 [INFO] MainPanel:264 - HeapMemory: 268435456
2024-07-26 15:54:57,473 [INFO] DbMcusXml:78 - Set database path to: C:\ST\STM32CubeIDE_1.15.0\STM32CubeIDE\plugins\com.st.stm32cube.common.mx_6.11.0.202403141607\\db\/mcu/
2024-07-26 15:54:57,473 [INFO] ApiDb:274 - Set plugin database path to: C:\ST\STM32CubeIDE_1.15.0\STM32CubeIDE\plugins\com.st.stm32cube.common.mx_6.11.0.202403141607\\db\/plugins/boardmanager/
2024-07-26 15:54:57,473 [INFO] ApiDb:261 - Set plugin images path to: C:\ST\STM32CubeIDE_1.15.0\STM32CubeIDE\plugins\com.st.stm32cube.common.mx_6.11.0.202403141607\\db\/plugins/mcufinder/images/
2024-07-26 15:54:57,473 [WARN] DbFile:41 - Overriding database path with different value: C:\Users\Goggy\.stmcufinder\plugins\mcufinder/ => C:\Users\Goggy\.stmcufinder\plugins\mcufinder
2024-07-26 15:54:57,473 [INFO] ApiDb:250 - Set database path to: C:\Users\Goggy\.stmcufinder\plugins\mcufinder//mcu/
2024-07-26 15:54:57,473 [WARN] DbFile:41 - Overriding database path with different value: C:\Users\Goggy\.stmcufinder\plugins\mcufinder/ => C:\Users\Goggy\.stmcufinder\plugins\mcufinder
2024-07-26 15:54:57,473 [INFO] DbMcusAds:125 - Set database path to: C:\Users\Goggy\.stmcufinder\plugins\mcufinder//mcu/
2024-07-26 15:54:57,473 [WARN] DbFile:41 - Overriding database path with different value: C:\Users\Goggy\.stmcufinder\plugins\mcufinder/ => C:\Users\Goggy\.stmcufinder\plugins\mcufinder
2024-07-26 15:54:57,474 [WARN] DbFile:41 - Overriding database path with different value: C:\Users\Goggy\.stmcufinder\plugins\mcufinder/ => C:\Users\Goggy\.stmcufinder\plugins\mcufinder
2024-07-26 15:54:57,474 [INFO] CrossReferenceDbSqlite:203 - Set database path to: C:\Users\Goggy\.stmcufinder\plugins\mcufinder//mcu/cs/
2024-07-26 15:54:57,503 [INFO] ApplicationProperties:184 - Using Application install path: C:\ST\STM32CubeIDE_1.15.0\STM32CubeIDE\plugins\com.st.stm32cube.common.mx_6.11.0.202403141607
2024-07-26 15:54:57,506 [INFO] PluginManage:196 - Search for loadable plugins [exclusion list=, ]
2024-07-26 15:54:57,509 [INFO] PluginManage:310 - Check plugin analytics
2024-07-26 15:54:57,684 [INFO] AnalyticsPlugin:253 - Accepted Software Licenses: 
2024-07-26 15:54:57,684 [INFO] AnalyticsPlugin:255 - Accepted CMSIS Pack Licenses: 
2024-07-26 15:54:57,684 [INFO] AnalyticsPlugin:257 - Accepted Firmware Licenses: 
2024-07-26 15:54:57,686 [INFO] PluginManage:359 - Loaded plugin analytics (category:tool,tabindex:-1)
2024-07-26 15:54:57,688 [INFO] PluginManage:310 - Check plugin cadmodel
2024-07-26 15:54:57,701 [INFO] CADModel:105 - Init CAD model plugin
2024-07-26 15:54:57,701 [INFO] PluginManage:359 - Loaded plugin cadmodel (category:power,tabindex:5)
2024-07-26 15:54:57,702 [INFO] PluginManage:310 - Check plugin clock
2024-07-26 15:54:57,722 [INFO] PluginManage:359 - Loaded plugin clock (category:base,tabindex:2)
2024-07-26 15:54:57,722 [INFO] PluginManage:310 - Check plugin ddr
2024-07-26 15:54:57,725 [INFO] PluginManage:359 - Loaded plugin ddr (category:tool,tabindex:6)
2024-07-26 15:54:57,726 [INFO] PluginManage:310 - Check plugin filemanager
2024-07-26 15:54:57,866 [INFO] PluginManage:359 - Loaded plugin filemanager (category:base,tabindex:10)
2024-07-26 15:54:57,866 [INFO] PluginManage:310 - Check plugin ipmanager
2024-07-26 15:54:57,873 [INFO] PluginManage:359 - Loaded plugin ipmanager (category:base,tabindex:5)
2024-07-26 15:54:57,873 [INFO] PluginManage:310 - Check plugin lpbam
2024-07-26 15:54:57,890 [INFO] PluginManage:359 - Loaded plugin lpbam (category:base,tabindex:0)
2024-07-26 15:54:57,890 [INFO] PluginManage:310 - Check plugin memorymap
2024-07-26 15:54:57,919 [INFO] PluginManage:359 - Loaded plugin memorymap (category:base,tabindex:4)
2024-07-26 15:54:57,919 [INFO] PluginManage:310 - Check plugin pinoutandconfiguration
2024-07-26 15:54:57,935 [INFO] PluginManage:359 - Loaded plugin pinoutandconfiguration (category:base,tabindex:1)
2024-07-26 15:54:57,935 [INFO] PluginManage:310 - Check plugin pinoutconfig
2024-07-26 15:54:58,038 [WARN] SupportedApi:132 - Cannot load RTOS API schema: s4s-elt-must-match.1: The content of 'definitions' must match (annotation?, (simpleType | complexType)?, (unique | key | keyref)*)). A problem was found starting at: attribute.
2024-07-26 15:54:58,195 [INFO] PluginManage:359 - Loaded plugin pinoutconfig (category:base,tabindex:0)
2024-07-26 15:54:58,195 [INFO] PluginManage:310 - Check plugin power
2024-07-26 15:54:58,214 [INFO] PluginManage:359 - Loaded plugin power (category:power,tabindex:4)
2024-07-26 15:54:58,214 [INFO] PluginManage:310 - Check plugin projectmanager
2024-07-26 15:54:58,230 [INFO] PluginManage:359 - Loaded plugin projectmanager (category:projectmanager,tabindex:3)
2024-07-26 15:54:58,230 [INFO] PluginManage:310 - Check plugin thirdparty
2024-07-26 15:54:58,505 [INFO] PluginManage:359 - Loaded plugin thirdparty (category:base,tabindex:-1)
2024-07-26 15:54:58,505 [WARN] IntegrityCheckThread:84 - waiting for thirdparty lock release [integrity check]
2024-07-26 15:54:58,505 [INFO] PluginManage:310 - Check plugin tools
2024-07-26 15:54:58,505 [INFO] IntegrityCheckThread:86 - entering critical section [integrity check]
2024-07-26 15:54:58,505 [INFO] ThirdPartyUpdaterWithRetryManager:70 - Updater plugin not ready yet. [1/15]
2024-07-26 15:54:58,545 [INFO] PluginManage:359 - Loaded plugin tools (category:base,tabindex:7)
2024-07-26 15:54:58,545 [INFO] PluginManage:310 - Check plugin tutovideos
2024-07-26 15:54:58,777 [INFO] PluginManage:359 - Loaded plugin tutovideos (category:base,tabindex:-1)
2024-07-26 15:54:58,777 [INFO] PluginManage:310 - Check plugin updater
2024-07-26 15:54:58,789 [INFO] PluginManage:359 - Loaded plugin updater (category:base,tabindex:12)
2024-07-26 15:54:58,789 [INFO] PluginManage:310 - Check plugin userauth
2024-07-26 15:54:58,795 [INFO] UserAuth:114 - Init User Auth plugin
2024-07-26 15:54:58,795 [INFO] PluginManage:359 - Loaded plugin userauth (category:base,tabindex:14)
2024-07-26 15:54:58,796 [INFO] PluginManage:283 - PluginManage : Loaded plugins [17]
2024-07-26 15:54:59,047 [INFO] PinOutPanel:1561 - setPackage(No Configuration,No Configuration)
2024-07-26 15:54:59,122 [INFO] CADModel:165 - CPN selected for project level
2024-07-26 15:54:59,122 [INFO] CADModel:114 - Register for checkConnection events
2024-07-26 15:54:59,146 [INFO] IPUIPlugin:80 - create IPUIPlugin
2024-07-26 15:54:59,146 [INFO] PluginManager:220 - loadIPPluginJar : add adc
2024-07-26 15:54:59,188 [INFO] IPUIPlugin:80 - create IPUIPlugin
2024-07-26 15:54:59,188 [INFO] PluginManager:220 - loadIPPluginJar : add aes
2024-07-26 15:54:59,228 [INFO] IPUIPlugin:80 - create IPUIPlugin
2024-07-26 15:54:59,228 [INFO] PluginManager:220 - loadIPPluginJar : add can
2024-07-26 15:54:59,250 [INFO] IPUIPlugin:80 - create IPUIPlugin
2024-07-26 15:54:59,251 [INFO] PluginManager:220 - loadIPPluginJar : add comp
2024-07-26 15:54:59,283 [INFO] IPUIPlugin:80 - create IPUIPlugin
2024-07-26 15:54:59,284 [INFO] PluginManager:220 - loadIPPluginJar : add cryp
2024-07-26 15:54:59,312 [INFO] IPUIPlugin:80 - create IPUIPlugin
2024-07-26 15:54:59,312 [INFO] PluginManager:220 - loadIPPluginJar : add dfsdm
2024-07-26 15:54:59,325 [INFO] IPUIPlugin:80 - create IPUIPlugin
2024-07-26 15:54:59,325 [INFO] PluginManager:220 - loadIPPluginJar : add dma
2024-07-26 15:54:59,370 [INFO] IPUIPlugin:80 - create IPUIPlugin
2024-07-26 15:54:59,370 [INFO] PluginManager:220 - loadIPPluginJar : add dma3
2024-07-26 15:54:59,412 [INFO] IPUIPlugin:80 - create IPUIPlugin
2024-07-26 15:54:59,412 [INFO] PluginManager:220 - loadIPPluginJar : add extmemmanager
2024-07-26 15:54:59,431 [INFO] IPUIPlugin:80 - create IPUIPlugin
2024-07-26 15:54:59,432 [INFO] PluginManager:220 - loadIPPluginJar : add fatfs
2024-07-26 15:54:59,484 [INFO] IPUIPlugin:80 - create IPUIPlugin
2024-07-26 15:54:59,484 [INFO] PluginManager:220 - loadIPPluginJar : add fmc
2024-07-26 15:54:59,498 [INFO] IPUIPlugin:80 - create IPUIPlugin
2024-07-26 15:54:59,498 [INFO] PluginManager:220 - loadIPPluginJar : add freertos
2024-07-26 15:54:59,519 [INFO] IPUIPlugin:80 - create IPUIPlugin
2024-07-26 15:54:59,520 [INFO] PluginManager:220 - loadIPPluginJar : add genericplugin
2024-07-26 15:54:59,627 [INFO] IPUIPlugin:80 - create IPUIPlugin
2024-07-26 15:54:59,627 [INFO] PluginManager:220 - loadIPPluginJar : add gfxmmu
2024-07-26 15:54:59,779 [INFO] IPUIPlugin:80 - create IPUIPlugin
2024-07-26 15:54:59,779 [INFO] PluginManager:220 - loadIPPluginJar : add gic
2024-07-26 15:54:59,792 [INFO] IPUIPlugin:80 - create IPUIPlugin
2024-07-26 15:54:59,792 [INFO] PluginManager:220 - loadIPPluginJar : add gpio
2024-07-26 15:54:59,883 [INFO] IPUIPlugin:80 - create IPUIPlugin
2024-07-26 15:54:59,883 [INFO] PluginManager:220 - loadIPPluginJar : add gtzc
2024-07-26 15:54:59,916 [INFO] IPUIPlugin:80 - create IPUIPlugin
2024-07-26 15:54:59,916 [INFO] PluginManager:220 - loadIPPluginJar : add hash
2024-07-26 15:54:59,964 [INFO] IPUIPlugin:80 - create IPUIPlugin
2024-07-26 15:54:59,964 [INFO] PluginManager:220 - loadIPPluginJar : add i2c
2024-07-26 15:55:00,004 [INFO] IPUIPlugin:80 - create IPUIPlugin
2024-07-26 15:55:00,006 [INFO] PluginManager:220 - loadIPPluginJar : add i2s
2024-07-26 15:55:00,048 [INFO] IPUIPlugin:80 - create IPUIPlugin
2024-07-26 15:55:00,049 [INFO] PluginManager:220 - loadIPPluginJar : add i3c
2024-07-26 15:55:00,147 [INFO] IPUIPlugin:80 - create IPUIPlugin
2024-07-26 15:55:00,148 [INFO] PluginManager:220 - loadIPPluginJar : add ipddr
2024-07-26 15:55:00,238 [INFO] IPUIPlugin:80 - create IPUIPlugin
2024-07-26 15:55:00,238 [INFO] PluginManager:220 - loadIPPluginJar : add linkedlist
2024-07-26 15:55:00,271 [INFO] IPUIPlugin:80 - create IPUIPlugin
2024-07-26 15:55:00,271 [INFO] PluginManager:220 - loadIPPluginJar : add lorawan
2024-07-26 15:55:00,309 [INFO] IPUIPlugin:80 - create IPUIPlugin
2024-07-26 15:55:00,309 [INFO] PluginManager:220 - loadIPPluginJar : add ltdc
2024-07-26 15:55:00,322 [INFO] IPUIPlugin:80 - create IPUIPlugin
2024-07-26 15:55:00,322 [INFO] PluginManager:220 - loadIPPluginJar : add mdma
2024-07-26 15:55:00,334 [INFO] IPUIPlugin:80 - create IPUIPlugin
2024-07-26 15:55:00,334 [INFO] PluginManager:220 - loadIPPluginJar : add nvic
2024-07-26 15:55:00,370 [INFO] IPUIPlugin:80 - create IPUIPlugin
2024-07-26 15:55:00,370 [INFO] PluginManager:220 - loadIPPluginJar : add opamp
2024-07-26 15:55:00,428 [INFO] IPUIPlugin:80 - create IPUIPlugin
2024-07-26 15:55:00,428 [INFO] PluginManager:220 - loadIPPluginJar : add openamp
2024-07-26 15:55:00,470 [INFO] IPUIPlugin:80 - create IPUIPlugin
2024-07-26 15:55:00,470 [INFO] PluginManager:220 - loadIPPluginJar : add pdm2pcm
2024-07-26 15:55:00,485 [INFO] IPUIPlugin:80 - create IPUIPlugin
2024-07-26 15:55:00,487 [INFO] PluginManager:220 - loadIPPluginJar : add plateformsettings
2024-07-26 15:55:00,509 [INFO] IPUIPlugin:80 - create IPUIPlugin
2024-07-26 15:55:00,509 [INFO] PluginManager:220 - loadIPPluginJar : add quadspi
2024-07-26 15:55:00,520 [INFO] IPUIPlugin:80 - create IPUIPlugin
2024-07-26 15:55:00,520 [INFO] PluginManager:220 - loadIPPluginJar : add resmgrutility
2024-07-26 15:55:00,565 [INFO] IPUIPlugin:80 - create IPUIPlugin
2024-07-26 15:55:00,565 [INFO] PluginManager:220 - loadIPPluginJar : add sai
2024-07-26 15:55:00,603 [INFO] IPUIPlugin:80 - create IPUIPlugin
2024-07-26 15:55:00,603 [INFO] PluginManager:220 - loadIPPluginJar : add spi
2024-07-26 15:55:00,672 [INFO] IPUIPlugin:80 - create IPUIPlugin
2024-07-26 15:55:00,672 [INFO] PluginManager:220 - loadIPPluginJar : add stm32_wpan
2024-07-26 15:55:00,695 [INFO] IPUIPlugin:80 - create IPUIPlugin
2024-07-26 15:55:00,695 [INFO] PluginManager:220 - loadIPPluginJar : add tim
2024-07-26 15:55:00,760 [INFO] IPUIPlugin:80 - create IPUIPlugin
2024-07-26 15:55:00,760 [INFO] PluginManager:220 - loadIPPluginJar : add touchsensing
2024-07-26 15:55:00,782 [INFO] IPUIPlugin:80 - create IPUIPlugin
2024-07-26 15:55:00,782 [INFO] PluginManager:220 - loadIPPluginJar : add tracer_emb
2024-07-26 15:55:00,805 [INFO] IPUIPlugin:80 - create IPUIPlugin
2024-07-26 15:55:00,805 [INFO] PluginManager:220 - loadIPPluginJar : add ts
2024-07-26 15:55:00,825 [INFO] IPUIPlugin:80 - create IPUIPlugin
2024-07-26 15:55:00,826 [INFO] PluginManager:220 - loadIPPluginJar : add tsc
2024-07-26 15:55:00,846 [INFO] IPUIPlugin:80 - create IPUIPlugin
2024-07-26 15:55:00,846 [INFO] PluginManager:220 - loadIPPluginJar : add ucpd
2024-07-26 15:55:00,895 [INFO] IPUIPlugin:80 - create IPUIPlugin
2024-07-26 15:55:00,895 [INFO] PluginManager:220 - loadIPPluginJar : add usart
2024-07-26 15:55:00,939 [INFO] IPUIPlugin:80 - create IPUIPlugin
2024-07-26 15:55:00,939 [INFO] PluginManager:220 - loadIPPluginJar : add usbx
2024-07-26 15:55:01,076 [INFO] CADModel:165 - CPN selected for project level
2024-07-26 15:55:01,076 [INFO] CADModel:114 - Register for checkConnection events
2024-07-26 15:55:01,077 [FATAL] Updater:308 - Updater called before beeing initialized
2024-07-26 15:55:01,077 [ERROR] CADModel:125 - Updater not yet initialized, retry later 
2024-07-26 15:55:01,239 [INFO] CADModel:165 - CPN selected for project level
2024-07-26 15:55:01,239 [INFO] CADModel:114 - Register for checkConnection events
2024-07-26 15:55:01,239 [FATAL] Updater:308 - Updater called before beeing initialized
2024-07-26 15:55:01,239 [ERROR] CADModel:125 - Updater not yet initialized, retry later 
2024-07-26 15:55:01,242 [FATAL] Updater:308 - Updater called before beeing initialized
2024-07-26 15:55:01,350 [FATAL] Updater:308 - Updater called before beeing initialized
2024-07-26 15:55:01,361 [INFO] DbMcusAds:53 - JSON generation date=Thu May 16 12:22:00 MSK 2024 (1715851320667)
2024-07-26 15:55:01,361 [FATAL] Updater:308 - Updater called before beeing initialized
2024-07-26 15:55:01,444 [WARN] DetailPanel:346 - Failed to get advertising image, set to default
2024-07-26 15:55:01,507 [INFO] ThirdPartyUpdaterWithRetryManager:70 - Updater plugin not ready yet. [2/15]
2024-07-26 15:55:01,528 [FATAL] Updater:308 - Updater called before beeing initialized
2024-07-26 15:55:01,529 [FATAL] Updater:308 - Updater called before beeing initialized
2024-07-26 15:55:01,529 [FATAL] Updater:308 - Updater called before beeing initialized
2024-07-26 15:55:01,529 [WARN] DetailPanel:346 - Failed to get advertising image, set to default
2024-07-26 15:55:01,531 [FATAL] Updater:308 - Updater called before beeing initialized
2024-07-26 15:55:01,592 [ERROR] Updater:1120 - MainUpdater not yet initialized. External WinMGr cannot be set.
2024-07-26 15:55:01,602 [INFO] Updater:1056 - Updater Version found : 6.11.0
2024-07-26 15:55:01,622 [INFO] ApplicationProperties:184 - Using Application install path: C:\ST\STM32CubeIDE_1.15.0\STM32CubeIDE\plugins\com.st.stm32cube.common.mx_6.11.0.202403141607
2024-07-26 15:55:03,197 [ERROR] LogOutputStream:75 - [STDERR_REDIRECT] Jul 26, 2024 3:55:03 PM java.util.prefs.WindowsPreferences <init>
2024-07-26 15:55:03,198 [ERROR] LogOutputStream:75 - [STDERR_REDIRECT] WARNING: Could not open/create prefs root node Software\JavaSoft\Prefs at root 0xffffffff80000002. Windows RegCreateKeyEx(...) returned error code 5.
2024-07-26 15:55:03,198 [ERROR] LogOutputStream:75 - [STDERR_REDIRECT] 
2024-07-26 15:55:03,769 [INFO] MainUpdater:2873 - connection check result : 10
2024-07-26 15:55:03,770 [INFO] MainUpdater:290 - Updater Check For Update Now.
2024-07-26 15:55:03,770 [INFO] MicroXplorer:498 - Change Database Version : DB.6.0.110
2024-07-26 15:55:03,784 [INFO] McuFinderGlobals:63 - Set McuFinder mode to 2 (CubeIDE integrated)
2024-07-26 15:55:03,785 [INFO] UserAuth:179 - activating auth plugin
2024-07-26 15:55:03,795 [INFO] UserAuth:415 - Internet connection configuration mode: 1
2024-07-26 15:55:03,827 [INFO] JxBrowserEngine:152 - Initiate JxBrowser Engine with user profile folder
2024-07-26 15:55:03,963 [INFO] CheckServerUpdateThread:120 - End of CheckServer Thread
2024-07-26 15:55:04,662 [WARN] PackLoader:240 - Cannot read IP mode file for STMicroelectronics.FP-SNS-MOTENVWB1.1.4.0
2024-07-26 15:55:04,681 [WARN] PackLoader:240 - Cannot read IP mode file for STMicroelectronics.X-CUBE-SMBUS.2.1.0
2024-07-26 15:55:04,694 [WARN] PackLoader:240 - Cannot read IP mode file for STMicroelectronics.X-CUBE-TOUCHGFX.4.23.2
2024-07-26 15:55:04,740 [WARN] PackLoader:240 - Cannot read IP mode file for STMicroelectronics.X-CUBE-AZRTOS-F7.1.1.0
2024-07-26 15:55:04,754 [WARN] PackLoader:240 - Cannot read IP mode file for STMicroelectronics.FP-SNS-FLIGHT1.5.0.2
2024-07-26 15:55:04,772 [WARN] PackLoader:240 - Cannot read IP mode file for STMicroelectronics.X-CUBE-DISPLAY.3.0.0
2024-07-26 15:55:04,802 [WARN] PackLoader:240 - Cannot read IP mode file for STMicroelectronics.X-CUBE-BLE1.7.0.0
2024-07-26 15:55:04,819 [WARN] PackLoader:240 - Cannot read IP mode file for emotas.I-CUBE-CANOPEN.1.3.0
2024-07-26 15:55:04,834 [WARN] PackLoader:240 - Cannot read IP mode file for STMicroelectronics.X-CUBE-BLEMGR.3.1.0
2024-07-26 15:55:04,848 [WARN] PackLoader:240 - Cannot read IP mode file for STMicroelectronics.FP-SNS-SMARTAG2.1.2.0
2024-07-26 15:55:04,872 [INFO] LogOutputStream:77 - [STDOUT_REDIRECT] 1 : Invalid condition id : UX_CORESTACK_Condition cause : null
2024-07-26 15:55:04,872 [INFO] LogOutputStream:77 - [STDOUT_REDIRECT] 1 : Invalid condition id : UX_CORESTACK_Condition cause : null
2024-07-26 15:55:04,873 [INFO] LogOutputStream:77 - [STDOUT_REDIRECT] 1 : Invalid condition id : UX_CORESTACK_Condition cause : null
2024-07-26 15:55:04,874 [INFO] LogOutputStream:77 - [STDOUT_REDIRECT] 1 : Invalid condition id : UX_CORESTACK_Condition cause : null
2024-07-26 15:55:04,875 [INFO] LogOutputStream:77 - [STDOUT_REDIRECT] 1 : Invalid condition id : UX_CORESTACK_Condition cause : null
2024-07-26 15:55:04,877 [WARN] PackLoader:240 - Cannot read IP mode file for STMicroelectronics.X-CUBE-AZRTOS-WL.2.0.0
2024-07-26 15:55:04,902 [WARN] PackLoader:240 - Cannot read IP mode file for STMicroelectronics.FP-SNS-MOTENV1.5.0.0
2024-07-26 15:55:04,923 [WARN] PackLoader:240 - Cannot read IP mode file for WES.I-CUBE-Cesium.1.3.0
2024-07-26 15:55:04,935 [WARN] PackLoader:240 - Cannot read IP mode file for STMicroelectronics.X-CUBE-BLE2.3.3.0
2024-07-26 15:55:04,950 [WARN] PackLoader:240 - Cannot read IP mode file for STMicroelectronics.X-CUBE-TCPP.4.1.0
2024-07-26 15:55:04,978 [WARN] PackLoader:240 - Cannot read IP mode file for STMicroelectronics.X-CUBE-AZRTOS-G0.1.1.0
2024-07-26 15:55:04,993 [WARN] PackLoader:240 - Cannot read IP mode file for STMicroelectronics.X-CUBE-SAFEA1.1.2.2
2024-07-26 15:55:05,006 [WARN] PackLoader:240 - Cannot read IP mode file for STMicroelectronics.X-CUBE-NFC4.3.0.0
2024-07-26 15:55:05,027 [WARN] PackLoader:240 - Cannot read IP mode file for EmbeddedOffice.I-CUBE-FS-RTOS.1.0.1
2024-07-26 15:55:05,027 [ERROR] ConditionMgr:805 - Attr not supported : Dmpu
2024-07-26 15:55:05,027 [ERROR] ConditionMgr:805 - Attr not supported : Dmpu
2024-07-26 15:55:05,027 [ERROR] ConditionMgr:805 - Attr not supported : Dmpu
2024-07-26 15:55:05,027 [ERROR] ConditionMgr:805 - Attr not supported : Dmpu
2024-07-26 15:55:05,027 [ERROR] ConditionMgr:805 - Attr not supported : Dmpu
2024-07-26 15:55:05,027 [ERROR] ConditionMgr:805 - Attr not supported : Dmpu
2024-07-26 15:55:05,027 [ERROR] ConditionMgr:805 - Attr not supported : Dmpu
2024-07-26 15:55:05,028 [ERROR] ConditionMgr:805 - Attr not supported : Dmpu
2024-07-26 15:55:05,028 [ERROR] ConditionMgr:805 - Attr not supported : Dmpu
2024-07-26 15:55:05,028 [ERROR] ConditionMgr:805 - Attr not supported : Dmpu
2024-07-26 15:55:05,028 [ERROR] ConditionMgr:805 - Attr not supported : Dmpu
2024-07-26 15:55:05,028 [ERROR] ConditionMgr:805 - Attr not supported : Dmpu
2024-07-26 15:55:05,028 [ERROR] ConditionMgr:805 - Attr not supported : Dmpu
2024-07-26 15:55:05,028 [ERROR] ConditionMgr:805 - Attr not supported : Dmpu
2024-07-26 15:55:05,028 [ERROR] ConditionMgr:805 - Attr not supported : Dmpu
2024-07-26 15:55:05,028 [ERROR] ConditionMgr:805 - Attr not supported : Dmpu
2024-07-26 15:55:05,028 [ERROR] ConditionMgr:805 - Attr not supported : Dmpu
2024-07-26 15:55:05,028 [ERROR] ConditionMgr:805 - Attr not supported : Dmpu
2024-07-26 15:55:05,028 [ERROR] ConditionMgr:805 - Attr not supported : Dmpu
2024-07-26 15:55:05,028 [ERROR] ConditionMgr:805 - Attr not supported : Dmpu
2024-07-26 15:55:05,028 [ERROR] ConditionMgr:805 - Attr not supported : Dmpu
2024-07-26 15:55:05,028 [ERROR] ConditionMgr:805 - Attr not supported : Dmpu
2024-07-26 15:55:05,028 [ERROR] ConditionMgr:805 - Attr not supported : Dmpu
2024-07-26 15:55:05,028 [ERROR] ConditionMgr:805 - Attr not supported : Dmpu
2024-07-26 15:55:05,028 [ERROR] ConditionMgr:805 - Attr not supported : Dmpu
2024-07-26 15:55:05,029 [ERROR] ConditionMgr:805 - Attr not supported : Dmpu
2024-07-26 15:55:05,029 [ERROR] ConditionMgr:805 - Attr not supported : Dmpu
2024-07-26 15:55:05,029 [ERROR] ConditionMgr:805 - Attr not supported : Dmpu
2024-07-26 15:55:05,029 [ERROR] ConditionMgr:805 - Attr not supported : Dmpu
2024-07-26 15:55:05,029 [ERROR] ConditionMgr:805 - Attr not supported : Dmpu
2024-07-26 15:55:05,029 [ERROR] ConditionMgr:805 - Attr not supported : Dmpu
2024-07-26 15:55:05,029 [ERROR] ConditionMgr:805 - Attr not supported : Dmpu
2024-07-26 15:55:05,029 [ERROR] ConditionMgr:805 - Attr not supported : Dmpu
2024-07-26 15:55:05,029 [ERROR] ConditionMgr:805 - Attr not supported : Dmpu
2024-07-26 15:55:05,029 [ERROR] ConditionMgr:805 - Attr not supported : Dmpu
2024-07-26 15:55:05,029 [ERROR] ConditionMgr:805 - Attr not supported : Dmpu
2024-07-26 15:55:05,029 [ERROR] ConditionMgr:805 - Attr not supported : Dmpu
2024-07-26 15:55:05,029 [ERROR] ConditionMgr:805 - Attr not supported : Dmpu
2024-07-26 15:55:05,029 [ERROR] ConditionMgr:805 - Attr not supported : Dmpu
2024-07-26 15:55:05,029 [ERROR] ConditionMgr:805 - Attr not supported : Dmpu
2024-07-26 15:55:05,029 [ERROR] ConditionMgr:805 - Attr not supported : Dmpu
2024-07-26 15:55:05,030 [ERROR] ConditionMgr:805 - Attr not supported : Dmpu
2024-07-26 15:55:05,030 [ERROR] ConditionMgr:805 - Attr not supported : Dmpu
2024-07-26 15:55:05,030 [ERROR] ConditionMgr:805 - Attr not supported : Dmpu
2024-07-26 15:55:05,030 [ERROR] ConditionMgr:805 - Attr not supported : Dmpu
2024-07-26 15:55:05,030 [ERROR] ConditionMgr:805 - Attr not supported : Dmpu
2024-07-26 15:55:05,030 [ERROR] ConditionMgr:805 - Attr not supported : Dmpu
2024-07-26 15:55:05,030 [ERROR] ConditionMgr:805 - Attr not supported : Dmpu
2024-07-26 15:55:05,030 [ERROR] ConditionMgr:805 - Attr not supported : Dmpu
2024-07-26 15:55:05,030 [ERROR] ConditionMgr:805 - Attr not supported : Dmpu
2024-07-26 15:55:05,030 [ERROR] ConditionMgr:805 - Attr not supported : Dmpu
2024-07-26 15:55:05,030 [ERROR] ConditionMgr:805 - Attr not supported : Dmpu
2024-07-26 15:55:05,030 [ERROR] ConditionMgr:805 - Attr not supported : Dmpu
2024-07-26 15:55:05,030 [ERROR] ConditionMgr:805 - Attr not supported : Dmpu
2024-07-26 15:55:05,030 [ERROR] ConditionMgr:805 - Attr not supported : Dmpu
2024-07-26 15:55:05,031 [ERROR] ConditionMgr:805 - Attr not supported : Dmpu
2024-07-26 15:55:05,031 [ERROR] ConditionMgr:805 - Attr not supported : Dmpu
2024-07-26 15:55:05,031 [ERROR] ConditionMgr:805 - Attr not supported : Dmpu
2024-07-26 15:55:05,031 [ERROR] ConditionMgr:805 - Attr not supported : Dmpu
2024-07-26 15:55:05,031 [ERROR] ConditionMgr:805 - Attr not supported : Dmpu
2024-07-26 15:55:05,031 [ERROR] ConditionMgr:805 - Attr not supported : Dmpu
2024-07-26 15:55:05,031 [ERROR] ConditionMgr:805 - Attr not supported : Dmpu
2024-07-26 15:55:05,031 [ERROR] ConditionMgr:805 - Attr not supported : Dmpu
2024-07-26 15:55:05,031 [ERROR] ConditionMgr:805 - Attr not supported : Dmpu
2024-07-26 15:55:05,056 [WARN] PackLoader:240 - Cannot read IP mode file for RealThread.X-CUBE-RT-Thread_Nano.4.1.1
2024-07-26 15:55:05,074 [WARN] PackLoader:240 - Cannot read IP mode file for STMicroelectronics.FP-ATR-SIGFOX1.3.2.0
2024-07-26 15:55:05,086 [WARN] PackLoader:240 - Cannot read IP mode file for STMicroelectronics.X-CUBE-EEPRMA1.5.1.0
2024-07-26 15:55:05,101 [WARN] PackLoader:240 - Cannot read IP mode file for ITTIA_DB.I-CUBE-ITTIADB.8.9.0
2024-07-26 15:55:05,139 [WARN] PackLoader:240 - Cannot read IP mode file for SEGGER.I-CUBE-embOS.1.3.1
2024-07-26 15:55:05,179 [WARN] PackLoader:240 - Cannot read IP mode file for STMicroelectronics.X-CUBE-ALGOBUILD.1.4.0
2024-07-26 15:55:05,193 [WARN] PackLoader:240 - Cannot read IP mode file for STMicroelectronics.X-CUBE-GNSS1.6.0.0
2024-07-26 15:55:05,218 [WARN] PackLoader:240 - Cannot read IP mode file for STMicroelectronics.X-CUBE-AZRTOS-F4.1.1.0
2024-07-26 15:55:05,232 [WARN] PackLoader:240 - Cannot read IP mode file for STMicroelectronics.X-CUBE-FREERTOS.1.2.0
2024-07-26 15:55:05,257 [WARN] PackLoader:240 - Cannot read IP mode file for STMicroelectronics.X-CUBE-AZRTOS-L5.2.0.0
2024-07-26 15:55:05,273 [WARN] PackLoader:240 - Cannot read IP mode file for STMicroelectronics.X-CUBE-NFC6.3.1.0
2024-07-26 15:55:05,286 [WARN] PackLoader:240 - Cannot read IP mode file for STMicroelectronics.X-CUBE-DPower.1.2.0
2024-07-26 15:55:05,298 [WARN] PackLoader:240 - Cannot read IP mode file for STMicroelectronics.X-CUBE-AI.9.0.0
2024-07-26 15:55:05,310 [WARN] PackLoader:240 - Cannot read IP mode file for STMicroelectronics.X-CUBE-NFC7.1.0.1
2024-07-26 15:55:05,347 [WARN] ConditionMgr:438 - getConditionDescription Invalid condition id : LAN8742 Phy interface Condition cause : null
2024-07-26 15:55:05,347 [WARN] PackLoader:240 - Cannot read IP mode file for STMicroelectronics.X-CUBE-AZRTOS-L4.2.0.0
2024-07-26 15:55:05,349 [WARN] ConditionMgr:1039 - genDependencies : Invalid condition id : LAN8742 Phy interface Condition cause : null
2024-07-26 15:55:05,349 [WARN] ConditionMgr:1039 - genDependencies : Invalid condition id : LAN8742 Phy interface Condition cause : null
2024-07-26 15:55:05,350 [WARN] ConditionMgr:1039 - genDependencies : Invalid condition id : LAN8742 Phy interface Condition cause : null
2024-07-26 15:55:05,363 [WARN] PackLoader:240 - Cannot read IP mode file for STMicroelectronics.X-CUBE-SFXS2LP1.4.0.0
2024-07-26 15:55:05,389 [WARN] ConditionMgr:438 - getConditionDescription Invalid condition id : UX DEVICE CLASS RTOS Condition cause : null
2024-07-26 15:55:05,389 [WARN] ConditionMgr:438 - getConditionDescription Invalid condition id : UX DEVICE CLASS RTOS Condition cause : null
2024-07-26 15:55:05,390 [WARN] PackLoader:240 - Cannot read IP mode file for STMicroelectronics.X-CUBE-AZRTOS-WB.2.0.0
2024-07-26 15:55:05,391 [WARN] ConditionMgr:1039 - genDependencies : Invalid condition id : UX DEVICE CLASS RTOS Condition cause : null
2024-07-26 15:55:05,391 [WARN] ConditionMgr:1039 - genDependencies : Invalid condition id : UX DEVICE CLASS RTOS Condition cause : null
2024-07-26 15:55:05,391 [WARN] ConditionMgr:1039 - genDependencies : Invalid condition id : UX DEVICE CLASS RTOS Condition cause : null
2024-07-26 15:55:05,392 [WARN] ConditionMgr:1039 - genDependencies : Invalid condition id : UX DEVICE CLASS RTOS Condition cause : null
2024-07-26 15:55:05,392 [WARN] ConditionMgr:1039 - genDependencies : Invalid condition id : UX DEVICE CLASS RTOS Condition cause : null
2024-07-26 15:55:05,404 [WARN] PackLoader:240 - Cannot read IP mode file for STMicroelectronics.FP-SNS-STBOX1.2.0.0
2024-07-26 15:55:05,430 [WARN] PackLoader:240 - Cannot read IP mode file for STMicroelectronics.X-CUBE-SUBG2.5.0.0
2024-07-26 15:55:05,455 [WARN] PackLoader:240 - Cannot read IP mode file for Cesanta.I-CUBE-Mongoose.7.13.0
2024-07-26 15:55:05,477 [WARN] PackLoader:240 - Cannot read IP mode file for STMicroelectronics.X-CUBE-AZRTOS-G4.2.0.0
2024-07-26 15:55:05,489 [WARN] PackLoader:240 - Cannot read IP mode file for STMicroelectronics.X-CUBE-ISPU.2.0.0
2024-07-26 15:55:05,501 [WARN] PackLoader:240 - Cannot read IP mode file for STMicroelectronics.X-CUBE-ALS.1.0.2
2024-07-26 15:55:05,548 [WARN] PackLoader:240 - Cannot read IP mode file for STMicroelectronics.X-CUBE-MEMS1.10.0.0
2024-07-26 15:55:05,635 [WARN] PackLoader:240 - Cannot read IP mode file for STMicroelectronics.X-CUBE-TOUCHGFX.4.24.0
2024-07-26 15:55:05,649 [WARN] PackLoader:240 - Cannot read IP mode file for portGmbH.I-Cube-SoM-uGOAL.1.1.0
2024-07-26 15:55:05,692 [WARN] PackLoader:240 - Cannot read IP mode file for STMicroelectronics.X-CUBE-AZRTOS-H7RS.1.0.0
2024-07-26 15:55:05,705 [WARN] PackLoader:240 - Cannot read IP mode file for STMicroelectronics.FP-ATR-ASTRA1.2.0.0
2024-07-26 15:55:05,723 [WARN] PackLoader:240 - Cannot read IP mode file for STMicroelectronics.X-CUBE-TOF1.3.4.1
2024-07-26 15:55:05,756 [WARN] PackLoader:240 - Cannot read IP mode file for STMicroelectronics.X-CUBE-AZRTOS-H7.3.2.0
2024-07-26 15:55:05,787 [WARN] PackLoader:240 - Cannot read IP mode file for Infineon.AIROC-Wi-Fi-Bluetooth-STM32.1.6.0
2024-07-26 15:55:05,790 [INFO] ThirdParty:978 - Integrity check success = true
2024-07-26 15:55:05,790 [INFO] IntegrityCheckThread:100 - exiting critical section [integrity check]
2024-07-26 15:55:05,790 [INFO] IntegrityCheckThread:103 - End integrity checks thread
2024-07-26 15:55:08,281 [INFO] WebApp:161 - Instantiating new browser for Auth
2024-07-26 15:55:08,906 [INFO] WebApp:779 - Register for checkConnection events
2024-07-26 15:55:08,906 [INFO] WebApp:414 - Apply proxy settings
2024-07-26 15:55:08,906 [INFO] WebApp:499 - Chromium requires no authentication
2024-07-26 15:55:08,916 [INFO] WebApp:442 - Direct internet connection detected
2024-07-26 15:55:09,132 [INFO] WebApp:192 - Starting web application
2024-07-26 15:55:09,132 [INFO] WebApp:544 - Web application path used C:\ST\STM32CubeIDE_1.15.0\STM32CubeIDE\plugins\com.st.stm32cube.common.mx_6.11.0.202403141607\db\plugins\mcufinder\reactClient1\index.html
2024-07-26 15:56:54,938 [ERROR] ConfigurationRetriever:142 - IOException on connection: Read timed out
2024-07-26 15:56:57,033 [ERROR] ConfigurationRetriever:142 - IOException on connection: Read timed out
2024-07-26 17:09:58,762 [ERROR] AdobePublisher:162 - Exception while opening the connection: java.net.SocketTimeoutException: Connect timed out
2024-07-26 18:18:52,192 [ERROR] ConfigurationRetriever:142 - IOException on connection: Read timed out
