2025-01-12 02:51:25,106 [INFO] Activator:176 - 


2025-01-12 02:51:25,110 [INFO] Activator:177 - !SESSION log4j initialized
2025-01-12 02:51:38,373 [INFO] LogOutputStream:77 - [STDOUT_REDIRECT] 
2025-01-12 02:51:40,752 [INFO] ApplicationProperties:184 - Using Application install path: C:\ST\STM32CubeIDE_1.15.0\STM32CubeIDE\plugins\com.st.stm32cube.common.mx_6.11.0.202403141607
2025-01-12 02:51:40,778 [INFO] DbMcusXml:78 - Set database path to: C:\ST\STM32CubeIDE_1.15.0\STM32CubeIDE\plugins\com.st.stm32cube.common.mx_6.11.0.202403141607\\db\/mcu/
2025-01-12 02:51:40,778 [INFO] ApiDb:274 - Set plugin database path to: C:\ST\STM32CubeIDE_1.15.0\STM32CubeIDE\plugins\com.st.stm32cube.common.mx_6.11.0.202403141607\\db\/plugins/boardmanager/
2025-01-12 02:51:40,778 [WARN] ApiDb:259 - Overriding images path with different value:  => C:\ST\STM32CubeIDE_1.15.0\STM32CubeIDE\plugins\com.st.stm32cube.common.mx_6.11.0.202403141607\\db\/plugins/mcufinder/images/
2025-01-12 02:51:40,786 [INFO] ApiDb:250 - Set database path to: C:\Users\Goggy\.stmcufinder\plugins\mcufinder//mcu/
2025-01-12 02:51:40,788 [INFO] DbMcusAds:125 - Set database path to: C:\Users\Goggy\.stmcufinder\plugins\mcufinder//mcu/
2025-01-12 02:51:40,790 [INFO] CrossReferenceDbSqlite:203 - Set database path to: C:\Users\Goggy\.stmcufinder\plugins\mcufinder//mcu/cs/
2025-01-12 02:51:41,438 [INFO] RulesReader:64 - Compatibility file has been processed (297 Rules)
2025-01-12 02:51:41,796 [INFO] DbMcusXml:78 - Set database path to: C:\ST\STM32CubeIDE_1.15.0\STM32CubeIDE\plugins\com.st.stm32cube.common.mx_6.11.0.202403141607\\db\/mcu/
2025-01-12 02:51:41,796 [INFO] ApiDb:274 - Set plugin database path to: C:\ST\STM32CubeIDE_1.15.0\STM32CubeIDE\plugins\com.st.stm32cube.common.mx_6.11.0.202403141607\\db\/plugins/boardmanager/
2025-01-12 02:51:41,796 [INFO] ApiDb:261 - Set plugin images path to: C:\ST\STM32CubeIDE_1.15.0\STM32CubeIDE\plugins\com.st.stm32cube.common.mx_6.11.0.202403141607\\db\/plugins/mcufinder/images/
2025-01-12 02:51:41,796 [WARN] DbFile:41 - Overriding database path with different value: C:\Users\Goggy\.stmcufinder\plugins\mcufinder/ => C:\Users\Goggy\.stmcufinder\plugins\mcufinder
2025-01-12 02:51:41,796 [INFO] ApiDb:250 - Set database path to: C:\Users\Goggy\.stmcufinder\plugins\mcufinder//mcu/
2025-01-12 02:51:41,797 [WARN] DbFile:41 - Overriding database path with different value: C:\Users\Goggy\.stmcufinder\plugins\mcufinder/ => C:\Users\Goggy\.stmcufinder\plugins\mcufinder
2025-01-12 02:51:41,797 [INFO] DbMcusAds:125 - Set database path to: C:\Users\Goggy\.stmcufinder\plugins\mcufinder//mcu/
2025-01-12 02:51:41,797 [WARN] DbFile:41 - Overriding database path with different value: C:\Users\Goggy\.stmcufinder\plugins\mcufinder/ => C:\Users\Goggy\.stmcufinder\plugins\mcufinder
2025-01-12 02:51:41,797 [WARN] DbFile:41 - Overriding database path with different value: C:\Users\Goggy\.stmcufinder\plugins\mcufinder/ => C:\Users\Goggy\.stmcufinder\plugins\mcufinder
2025-01-12 02:51:41,797 [INFO] CrossReferenceDbSqlite:203 - Set database path to: C:\Users\Goggy\.stmcufinder\plugins\mcufinder//mcu/cs/
2025-01-12 02:51:42,388 [INFO] MainPanel:264 - HeapMemory: 268435456
2025-01-12 02:51:42,518 [INFO] DbMcusXml:78 - Set database path to: C:\ST\STM32CubeIDE_1.15.0\STM32CubeIDE\plugins\com.st.stm32cube.common.mx_6.11.0.202403141607\\db\/mcu/
2025-01-12 02:51:42,518 [INFO] ApiDb:274 - Set plugin database path to: C:\ST\STM32CubeIDE_1.15.0\STM32CubeIDE\plugins\com.st.stm32cube.common.mx_6.11.0.202403141607\\db\/plugins/boardmanager/
2025-01-12 02:51:42,518 [INFO] ApiDb:261 - Set plugin images path to: C:\ST\STM32CubeIDE_1.15.0\STM32CubeIDE\plugins\com.st.stm32cube.common.mx_6.11.0.202403141607\\db\/plugins/mcufinder/images/
2025-01-12 02:51:42,518 [WARN] DbFile:41 - Overriding database path with different value: C:\Users\Goggy\.stmcufinder\plugins\mcufinder/ => C:\Users\Goggy\.stmcufinder\plugins\mcufinder
2025-01-12 02:51:42,518 [INFO] ApiDb:250 - Set database path to: C:\Users\Goggy\.stmcufinder\plugins\mcufinder//mcu/
2025-01-12 02:51:42,518 [WARN] DbFile:41 - Overriding database path with different value: C:\Users\Goggy\.stmcufinder\plugins\mcufinder/ => C:\Users\Goggy\.stmcufinder\plugins\mcufinder
2025-01-12 02:51:42,518 [INFO] DbMcusAds:125 - Set database path to: C:\Users\Goggy\.stmcufinder\plugins\mcufinder//mcu/
2025-01-12 02:51:42,518 [WARN] DbFile:41 - Overriding database path with different value: C:\Users\Goggy\.stmcufinder\plugins\mcufinder/ => C:\Users\Goggy\.stmcufinder\plugins\mcufinder
2025-01-12 02:51:42,518 [WARN] DbFile:41 - Overriding database path with different value: C:\Users\Goggy\.stmcufinder\plugins\mcufinder/ => C:\Users\Goggy\.stmcufinder\plugins\mcufinder
2025-01-12 02:51:42,518 [INFO] CrossReferenceDbSqlite:203 - Set database path to: C:\Users\Goggy\.stmcufinder\plugins\mcufinder//mcu/cs/
2025-01-12 02:51:42,536 [INFO] ApplicationProperties:184 - Using Application install path: C:\ST\STM32CubeIDE_1.15.0\STM32CubeIDE\plugins\com.st.stm32cube.common.mx_6.11.0.202403141607
2025-01-12 02:51:42,539 [INFO] PluginManage:196 - Search for loadable plugins [exclusion list=, ]
2025-01-12 02:51:42,540 [INFO] PluginManage:310 - Check plugin analytics
2025-01-12 02:51:42,705 [INFO] AnalyticsPlugin:253 - Accepted Software Licenses: 
2025-01-12 02:51:42,705 [INFO] AnalyticsPlugin:255 - Accepted CMSIS Pack Licenses: 
2025-01-12 02:51:42,705 [INFO] AnalyticsPlugin:257 - Accepted Firmware Licenses: 
2025-01-12 02:51:42,708 [INFO] PluginManage:359 - Loaded plugin analytics (category:tool,tabindex:-1)
2025-01-12 02:51:42,708 [INFO] PluginManage:310 - Check plugin cadmodel
2025-01-12 02:51:42,725 [INFO] CADModel:105 - Init CAD model plugin
2025-01-12 02:51:42,725 [INFO] PluginManage:359 - Loaded plugin cadmodel (category:power,tabindex:5)
2025-01-12 02:51:42,725 [INFO] PluginManage:310 - Check plugin clock
2025-01-12 02:51:42,744 [INFO] PluginManage:359 - Loaded plugin clock (category:base,tabindex:2)
2025-01-12 02:51:42,745 [INFO] PluginManage:310 - Check plugin ddr
2025-01-12 02:51:42,748 [INFO] PluginManage:359 - Loaded plugin ddr (category:tool,tabindex:6)
2025-01-12 02:51:42,748 [INFO] PluginManage:310 - Check plugin filemanager
2025-01-12 02:51:42,918 [INFO] PluginManage:359 - Loaded plugin filemanager (category:base,tabindex:10)
2025-01-12 02:51:42,918 [INFO] PluginManage:310 - Check plugin ipmanager
2025-01-12 02:51:42,926 [INFO] PluginManage:359 - Loaded plugin ipmanager (category:base,tabindex:5)
2025-01-12 02:51:42,926 [INFO] PluginManage:310 - Check plugin lpbam
2025-01-12 02:51:42,944 [INFO] PluginManage:359 - Loaded plugin lpbam (category:base,tabindex:0)
2025-01-12 02:51:42,944 [INFO] PluginManage:310 - Check plugin memorymap
2025-01-12 02:51:42,973 [INFO] PluginManage:359 - Loaded plugin memorymap (category:base,tabindex:4)
2025-01-12 02:51:42,973 [INFO] PluginManage:310 - Check plugin pinoutandconfiguration
2025-01-12 02:51:42,988 [INFO] PluginManage:359 - Loaded plugin pinoutandconfiguration (category:base,tabindex:1)
2025-01-12 02:51:42,988 [INFO] PluginManage:310 - Check plugin pinoutconfig
2025-01-12 02:51:43,089 [WARN] SupportedApi:132 - Cannot load RTOS API schema: s4s-elt-must-match.1: The content of 'definitions' must match (annotation?, (simpleType | complexType)?, (unique | key | keyref)*)). A problem was found starting at: attribute.
2025-01-12 02:51:43,228 [INFO] PluginManage:359 - Loaded plugin pinoutconfig (category:base,tabindex:0)
2025-01-12 02:51:43,229 [INFO] PluginManage:310 - Check plugin power
2025-01-12 02:51:43,250 [INFO] PluginManage:359 - Loaded plugin power (category:power,tabindex:4)
2025-01-12 02:51:43,251 [INFO] PluginManage:310 - Check plugin projectmanager
2025-01-12 02:51:43,267 [INFO] PluginManage:359 - Loaded plugin projectmanager (category:projectmanager,tabindex:3)
2025-01-12 02:51:43,267 [INFO] PluginManage:310 - Check plugin thirdparty
2025-01-12 02:51:43,580 [INFO] PluginManage:359 - Loaded plugin thirdparty (category:base,tabindex:-1)
2025-01-12 02:51:43,580 [INFO] PluginManage:310 - Check plugin tools
2025-01-12 02:51:43,580 [WARN] IntegrityCheckThread:84 - waiting for thirdparty lock release [integrity check]
2025-01-12 02:51:43,580 [INFO] IntegrityCheckThread:86 - entering critical section [integrity check]
2025-01-12 02:51:43,580 [INFO] ThirdPartyUpdaterWithRetryManager:70 - Updater plugin not ready yet. [1/15]
2025-01-12 02:51:43,620 [INFO] PluginManage:359 - Loaded plugin tools (category:base,tabindex:7)
2025-01-12 02:51:43,620 [INFO] PluginManage:310 - Check plugin tutovideos
2025-01-12 02:51:43,853 [INFO] PluginManage:359 - Loaded plugin tutovideos (category:base,tabindex:-1)
2025-01-12 02:51:43,853 [INFO] PluginManage:310 - Check plugin updater
2025-01-12 02:51:43,862 [INFO] PluginManage:359 - Loaded plugin updater (category:base,tabindex:12)
2025-01-12 02:51:43,862 [INFO] PluginManage:310 - Check plugin userauth
2025-01-12 02:51:43,884 [INFO] UserAuth:114 - Init User Auth plugin
2025-01-12 02:51:43,884 [INFO] PluginManage:359 - Loaded plugin userauth (category:base,tabindex:14)
2025-01-12 02:51:43,885 [INFO] PluginManage:283 - PluginManage : Loaded plugins [17]
2025-01-12 02:51:44,442 [INFO] PinOutPanel:1561 - setPackage(No Configuration,No Configuration)
2025-01-12 02:51:44,516 [INFO] CADModel:165 - CPN selected for project level
2025-01-12 02:51:44,516 [INFO] CADModel:114 - Register for checkConnection events
2025-01-12 02:51:44,545 [INFO] IPUIPlugin:80 - create IPUIPlugin
2025-01-12 02:51:44,545 [INFO] PluginManager:220 - loadIPPluginJar : add adc
2025-01-12 02:51:44,583 [INFO] IPUIPlugin:80 - create IPUIPlugin
2025-01-12 02:51:44,584 [INFO] PluginManager:220 - loadIPPluginJar : add aes
2025-01-12 02:51:44,627 [INFO] IPUIPlugin:80 - create IPUIPlugin
2025-01-12 02:51:44,627 [INFO] PluginManager:220 - loadIPPluginJar : add can
2025-01-12 02:51:44,655 [INFO] IPUIPlugin:80 - create IPUIPlugin
2025-01-12 02:51:44,655 [INFO] PluginManager:220 - loadIPPluginJar : add comp
2025-01-12 02:51:44,693 [INFO] IPUIPlugin:80 - create IPUIPlugin
2025-01-12 02:51:44,693 [INFO] PluginManager:220 - loadIPPluginJar : add cryp
2025-01-12 02:51:44,728 [INFO] IPUIPlugin:80 - create IPUIPlugin
2025-01-12 02:51:44,728 [INFO] PluginManager:220 - loadIPPluginJar : add dfsdm
2025-01-12 02:51:44,742 [INFO] IPUIPlugin:80 - create IPUIPlugin
2025-01-12 02:51:44,742 [INFO] PluginManager:220 - loadIPPluginJar : add dma
2025-01-12 02:51:44,798 [INFO] IPUIPlugin:80 - create IPUIPlugin
2025-01-12 02:51:44,798 [INFO] PluginManager:220 - loadIPPluginJar : add dma3
2025-01-12 02:51:44,847 [INFO] IPUIPlugin:80 - create IPUIPlugin
2025-01-12 02:51:44,847 [INFO] PluginManager:220 - loadIPPluginJar : add extmemmanager
2025-01-12 02:51:44,871 [INFO] IPUIPlugin:80 - create IPUIPlugin
2025-01-12 02:51:44,872 [INFO] PluginManager:220 - loadIPPluginJar : add fatfs
2025-01-12 02:51:44,921 [INFO] IPUIPlugin:80 - create IPUIPlugin
2025-01-12 02:51:44,921 [INFO] PluginManager:220 - loadIPPluginJar : add fmc
2025-01-12 02:51:44,936 [INFO] IPUIPlugin:80 - create IPUIPlugin
2025-01-12 02:51:44,936 [INFO] PluginManager:220 - loadIPPluginJar : add freertos
2025-01-12 02:51:44,960 [INFO] IPUIPlugin:80 - create IPUIPlugin
2025-01-12 02:51:44,960 [INFO] PluginManager:220 - loadIPPluginJar : add genericplugin
2025-01-12 02:51:45,057 [INFO] IPUIPlugin:80 - create IPUIPlugin
2025-01-12 02:51:45,057 [INFO] PluginManager:220 - loadIPPluginJar : add gfxmmu
2025-01-12 02:51:45,196 [INFO] IPUIPlugin:80 - create IPUIPlugin
2025-01-12 02:51:45,197 [INFO] PluginManager:220 - loadIPPluginJar : add gic
2025-01-12 02:51:45,211 [INFO] IPUIPlugin:80 - create IPUIPlugin
2025-01-12 02:51:45,211 [INFO] PluginManager:220 - loadIPPluginJar : add gpio
2025-01-12 02:51:45,310 [INFO] IPUIPlugin:80 - create IPUIPlugin
2025-01-12 02:51:45,310 [INFO] PluginManager:220 - loadIPPluginJar : add gtzc
2025-01-12 02:51:45,345 [INFO] IPUIPlugin:80 - create IPUIPlugin
2025-01-12 02:51:45,346 [INFO] PluginManager:220 - loadIPPluginJar : add hash
2025-01-12 02:51:45,403 [INFO] IPUIPlugin:80 - create IPUIPlugin
2025-01-12 02:51:45,403 [INFO] PluginManager:220 - loadIPPluginJar : add i2c
2025-01-12 02:51:45,447 [INFO] IPUIPlugin:80 - create IPUIPlugin
2025-01-12 02:51:45,447 [INFO] PluginManager:220 - loadIPPluginJar : add i2s
2025-01-12 02:51:45,492 [INFO] IPUIPlugin:80 - create IPUIPlugin
2025-01-12 02:51:45,493 [INFO] PluginManager:220 - loadIPPluginJar : add i3c
2025-01-12 02:51:45,607 [INFO] IPUIPlugin:80 - create IPUIPlugin
2025-01-12 02:51:45,607 [INFO] PluginManager:220 - loadIPPluginJar : add ipddr
2025-01-12 02:51:45,719 [INFO] IPUIPlugin:80 - create IPUIPlugin
2025-01-12 02:51:45,719 [INFO] PluginManager:220 - loadIPPluginJar : add linkedlist
2025-01-12 02:51:45,757 [INFO] IPUIPlugin:80 - create IPUIPlugin
2025-01-12 02:51:45,757 [INFO] PluginManager:220 - loadIPPluginJar : add lorawan
2025-01-12 02:51:45,798 [INFO] IPUIPlugin:80 - create IPUIPlugin
2025-01-12 02:51:45,798 [INFO] PluginManager:220 - loadIPPluginJar : add ltdc
2025-01-12 02:51:45,814 [INFO] IPUIPlugin:80 - create IPUIPlugin
2025-01-12 02:51:45,814 [INFO] PluginManager:220 - loadIPPluginJar : add mdma
2025-01-12 02:51:45,827 [INFO] IPUIPlugin:80 - create IPUIPlugin
2025-01-12 02:51:45,827 [INFO] PluginManager:220 - loadIPPluginJar : add nvic
2025-01-12 02:51:45,869 [INFO] IPUIPlugin:80 - create IPUIPlugin
2025-01-12 02:51:45,869 [INFO] PluginManager:220 - loadIPPluginJar : add opamp
2025-01-12 02:51:45,934 [INFO] IPUIPlugin:80 - create IPUIPlugin
2025-01-12 02:51:45,936 [INFO] PluginManager:220 - loadIPPluginJar : add openamp
2025-01-12 02:51:45,982 [INFO] IPUIPlugin:80 - create IPUIPlugin
2025-01-12 02:51:45,982 [INFO] PluginManager:220 - loadIPPluginJar : add pdm2pcm
2025-01-12 02:51:45,998 [INFO] IPUIPlugin:80 - create IPUIPlugin
2025-01-12 02:51:46,008 [INFO] PluginManager:220 - loadIPPluginJar : add plateformsettings
2025-01-12 02:51:46,036 [INFO] IPUIPlugin:80 - create IPUIPlugin
2025-01-12 02:51:46,036 [INFO] PluginManager:220 - loadIPPluginJar : add quadspi
2025-01-12 02:51:46,050 [INFO] IPUIPlugin:80 - create IPUIPlugin
2025-01-12 02:51:46,050 [INFO] PluginManager:220 - loadIPPluginJar : add resmgrutility
2025-01-12 02:51:46,102 [INFO] IPUIPlugin:80 - create IPUIPlugin
2025-01-12 02:51:46,102 [INFO] PluginManager:220 - loadIPPluginJar : add sai
2025-01-12 02:51:46,148 [INFO] IPUIPlugin:80 - create IPUIPlugin
2025-01-12 02:51:46,148 [INFO] PluginManager:220 - loadIPPluginJar : add spi
2025-01-12 02:51:46,222 [INFO] IPUIPlugin:80 - create IPUIPlugin
2025-01-12 02:51:46,222 [INFO] PluginManager:220 - loadIPPluginJar : add stm32_wpan
2025-01-12 02:51:46,256 [INFO] IPUIPlugin:80 - create IPUIPlugin
2025-01-12 02:51:46,256 [INFO] PluginManager:220 - loadIPPluginJar : add tim
2025-01-12 02:51:46,322 [INFO] IPUIPlugin:80 - create IPUIPlugin
2025-01-12 02:51:46,322 [INFO] PluginManager:220 - loadIPPluginJar : add touchsensing
2025-01-12 02:51:46,347 [INFO] IPUIPlugin:80 - create IPUIPlugin
2025-01-12 02:51:46,347 [INFO] PluginManager:220 - loadIPPluginJar : add tracer_emb
2025-01-12 02:51:46,374 [INFO] IPUIPlugin:80 - create IPUIPlugin
2025-01-12 02:51:46,374 [INFO] PluginManager:220 - loadIPPluginJar : add ts
2025-01-12 02:51:46,408 [INFO] IPUIPlugin:80 - create IPUIPlugin
2025-01-12 02:51:46,408 [INFO] PluginManager:220 - loadIPPluginJar : add tsc
2025-01-12 02:51:46,437 [INFO] IPUIPlugin:80 - create IPUIPlugin
2025-01-12 02:51:46,437 [INFO] PluginManager:220 - loadIPPluginJar : add ucpd
2025-01-12 02:51:46,491 [INFO] IPUIPlugin:80 - create IPUIPlugin
2025-01-12 02:51:46,491 [INFO] PluginManager:220 - loadIPPluginJar : add usart
2025-01-12 02:51:46,540 [INFO] IPUIPlugin:80 - create IPUIPlugin
2025-01-12 02:51:46,541 [INFO] PluginManager:220 - loadIPPluginJar : add usbx
2025-01-12 02:51:46,581 [INFO] ThirdPartyUpdaterWithRetryManager:70 - Updater plugin not ready yet. [2/15]
2025-01-12 02:51:46,667 [INFO] CADModel:165 - CPN selected for project level
2025-01-12 02:51:46,667 [INFO] CADModel:114 - Register for checkConnection events
2025-01-12 02:51:46,667 [FATAL] Updater:308 - Updater called before beeing initialized
2025-01-12 02:51:46,667 [ERROR] CADModel:125 - Updater not yet initialized, retry later 
2025-01-12 02:51:46,811 [INFO] CADModel:165 - CPN selected for project level
2025-01-12 02:51:46,811 [INFO] CADModel:114 - Register for checkConnection events
2025-01-12 02:51:46,811 [FATAL] Updater:308 - Updater called before beeing initialized
2025-01-12 02:51:46,811 [ERROR] CADModel:125 - Updater not yet initialized, retry later 
2025-01-12 02:51:46,813 [FATAL] Updater:308 - Updater called before beeing initialized
2025-01-12 02:51:47,083 [FATAL] Updater:308 - Updater called before beeing initialized
2025-01-12 02:51:47,100 [INFO] DbMcusAds:53 - JSON generation date=Thu May 16 12:22:00 MSK 2024 (1715851320667)
2025-01-12 02:51:47,100 [FATAL] Updater:308 - Updater called before beeing initialized
2025-01-12 02:51:47,649 [WARN] DetailPanel:346 - Failed to get advertising image, set to default
2025-01-12 02:51:47,748 [FATAL] Updater:308 - Updater called before beeing initialized
2025-01-12 02:51:47,750 [FATAL] Updater:308 - Updater called before beeing initialized
2025-01-12 02:51:47,750 [FATAL] Updater:308 - Updater called before beeing initialized
2025-01-12 02:51:47,751 [WARN] DetailPanel:346 - Failed to get advertising image, set to default
2025-01-12 02:51:47,752 [FATAL] Updater:308 - Updater called before beeing initialized
2025-01-12 02:51:47,811 [ERROR] Updater:1120 - MainUpdater not yet initialized. External WinMGr cannot be set.
2025-01-12 02:51:47,822 [INFO] Updater:1056 - Updater Version found : 6.11.0
2025-01-12 02:51:47,841 [INFO] ApplicationProperties:184 - Using Application install path: C:\ST\STM32CubeIDE_1.15.0\STM32CubeIDE\plugins\com.st.stm32cube.common.mx_6.11.0.202403141607
2025-01-12 02:51:49,416 [ERROR] LogOutputStream:75 - [STDERR_REDIRECT] Jan 12, 2025 2:51:49 AM java.util.prefs.WindowsPreferences <init>
2025-01-12 02:51:49,417 [ERROR] LogOutputStream:75 - [STDERR_REDIRECT] WARNING: Could not open/create prefs root node Software\JavaSoft\Prefs at root 0xffffffff80000002. Windows RegCreateKeyEx(...) returned error code 5.
2025-01-12 02:51:49,418 [ERROR] LogOutputStream:75 - [STDERR_REDIRECT] 
2025-01-12 02:51:49,582 [FATAL] Updater:308 - Updater called before beeing initialized
2025-01-12 02:51:49,582 [ERROR] IntegrityCheckThread:130 - Cannot retrieve database content from updater: error 21
2025-01-12 02:51:49,582 [INFO] ThirdParty:978 - Integrity check success = false
2025-01-12 02:51:49,582 [INFO] IntegrityCheckThread:100 - exiting critical section [integrity check]
2025-01-12 02:51:49,582 [INFO] IntegrityCheckThread:103 - End integrity checks thread
2025-01-12 02:51:50,046 [INFO] MainUpdater:2873 - connection check result : 10
2025-01-12 02:51:50,046 [INFO] MainUpdater:3567 - Updater definition file requires update
2025-01-12 02:51:50,048 [INFO] MainUpdater:290 - Updater Check For Update Now.
2025-01-12 02:51:50,048 [INFO] MicroXplorer:498 - Change Database Version : DB.6.0.110
2025-01-12 02:51:50,067 [INFO] McuFinderGlobals:63 - Set McuFinder mode to 2 (CubeIDE integrated)
2025-01-12 02:51:50,067 [INFO] UserAuth:179 - activating auth plugin
2025-01-12 02:51:50,071 [INFO] UserAuth:415 - Internet connection configuration mode: 1
2025-01-12 02:51:50,100 [INFO] JxBrowserEngine:152 - Initiate JxBrowser Engine with user profile folder
2025-01-12 02:51:50,555 [INFO] ServerAccessManage:473 - Download File updaters.zip
2025-01-12 02:51:50,885 [INFO] FileExtend:240 - Unzip File : updaters.zip
2025-01-12 02:51:50,885 [INFO] FileExtend:255 - Standard Zip Deflate
2025-01-12 02:51:51,662 [INFO] ServerAccessManage:473 - Download File PacksControlFlags.xml
2025-01-12 02:51:52,137 [INFO] ServerAccessManage:473 - Download File cubemx.pidx
2025-01-12 02:51:53,584 [INFO] ServerAccessManage:473 - Download File STMicroelectronics.X-CUBE-IPS.pdsc
2025-01-12 02:51:55,790 [INFO] ServerAccessManage:473 - Download File STMicroelectronics.X-CUBE-TOUCHGFX.pdsc
2025-01-12 02:51:58,689 [INFO] WebApp:161 - Instantiating new browser for Auth
2025-01-12 02:51:59,800 [INFO] WebApp:779 - Register for checkConnection events
2025-01-12 02:51:59,800 [INFO] WebApp:414 - Apply proxy settings
2025-01-12 02:51:59,800 [INFO] WebApp:499 - Chromium requires no authentication
2025-01-12 02:51:59,809 [INFO] WebApp:442 - Direct internet connection detected
2025-01-12 02:52:00,301 [INFO] WebApp:192 - Starting web application
2025-01-12 02:52:00,301 [INFO] WebApp:544 - Web application path used C:\ST\STM32CubeIDE_1.15.0\STM32CubeIDE\plugins\com.st.stm32cube.common.mx_6.11.0.202403141607\db\plugins\mcufinder\reactClient1\index.html
2025-01-12 02:52:06,906 [ERROR] ServerAccessManage:1172 - Problem during Server Connection :  IO error PKIX path building failed: sun.security.provider.certpath.SunCertPathBuilderException: unable to find valid certification path to requested target
2025-01-12 02:52:06,907 [ERROR] ServerAccessManage:651 - Problem during Server Connection :  : wolfSSL.I-CUBE-wolfSSL.pdsc.
2025-01-12 02:52:07,056 [ERROR] ServerAccessManage:1172 - Problem during Server Connection :  IO error PKIX path building failed: sun.security.provider.certpath.SunCertPathBuilderException: unable to find valid certification path to requested target
2025-01-12 02:52:07,056 [ERROR] ServerAccessManage:651 - Problem during Server Connection :  : wolfSSL.I-CUBE-wolfMQTT.pdsc.
2025-01-12 02:52:07,210 [ERROR] ServerAccessManage:1172 - Problem during Server Connection :  IO error PKIX path building failed: sun.security.provider.certpath.SunCertPathBuilderException: unable to find valid certification path to requested target
2025-01-12 02:52:07,210 [ERROR] ServerAccessManage:651 - Problem during Server Connection :  : wolfSSL.I-CUBE-wolfTPM.pdsc.
2025-01-12 02:52:07,357 [ERROR] ServerAccessManage:1172 - Problem during Server Connection :  IO error PKIX path building failed: sun.security.provider.certpath.SunCertPathBuilderException: unable to find valid certification path to requested target
2025-01-12 02:52:07,357 [ERROR] ServerAccessManage:651 - Problem during Server Connection :  : wolfSSL.I-CUBE-wolfSSH.pdsc.
2025-01-12 23:51:51,965 [WARN] PopulateThirdPartyThread:106 - Error when creating pack: C:/Users/Goggy/.stm32cubemx/thirdparties/pdsc/STMicroelectronics.X-CUBE-IPS.pdsc
2025-01-12 23:51:52,008 [WARN] PackLoader:240 - Cannot read IP mode file for STMicroelectronics.X-CUBE-TOUCHGFX.4.24.2
2025-01-12 23:51:52,009 [INFO] PopulateThirdPartyThread:66 - Ending populate Thread
2025-01-12 23:51:52,011 [INFO] ThirdParty:1030 - CMSIS Pack Vendor :STMicroelectronics X-CUBE-TOUCHGFX 4.24.2
2025-01-12 23:51:52,012 [INFO] LoadServerUpdatesThread:375 - End of LoadServerUpdate Thread
2025-01-12 23:51:52,160 [INFO] CheckServerUpdateThread:120 - End of CheckServer Thread
