2024-08-15 00:40:20,209 [INFO] Activator:176 - 


2024-08-15 00:40:20,214 [INFO] Activator:177 - !SESSION log4j initialized
2024-08-15 00:40:36,659 [INFO] LogOutputStream:77 - [STDOUT_REDIRECT] 
2024-08-15 00:40:39,535 [INFO] ApplicationProperties:184 - Using Application install path: C:\ST\STM32CubeIDE_1.15.0\STM32CubeIDE\plugins\com.st.stm32cube.common.mx_6.11.0.202403141607
2024-08-15 00:40:39,554 [INFO] DbMcusXml:78 - Set database path to: C:\ST\STM32CubeIDE_1.15.0\STM32CubeIDE\plugins\com.st.stm32cube.common.mx_6.11.0.202403141607\\db\/mcu/
2024-08-15 00:40:39,554 [INFO] ApiDb:274 - Set plugin database path to: C:\ST\STM32CubeIDE_1.15.0\STM32CubeIDE\plugins\com.st.stm32cube.common.mx_6.11.0.202403141607\\db\/plugins/boardmanager/
2024-08-15 00:40:39,556 [WARN] ApiDb:259 - Overriding images path with different value:  => C:\ST\STM32CubeIDE_1.15.0\STM32CubeIDE\plugins\com.st.stm32cube.common.mx_6.11.0.202403141607\\db\/plugins/mcufinder/images/
2024-08-15 00:40:39,565 [INFO] ApiDb:250 - Set database path to: C:\Users\Goggy\.stmcufinder\plugins\mcufinder//mcu/
2024-08-15 00:40:39,566 [INFO] DbMcusAds:125 - Set database path to: C:\Users\Goggy\.stmcufinder\plugins\mcufinder//mcu/
2024-08-15 00:40:39,568 [INFO] CrossReferenceDbSqlite:203 - Set database path to: C:\Users\Goggy\.stmcufinder\plugins\mcufinder//mcu/cs/
2024-08-15 00:40:39,797 [INFO] RulesReader:64 - Compatibility file has been processed (297 Rules)
2024-08-15 00:40:40,197 [INFO] DbMcusXml:78 - Set database path to: C:\ST\STM32CubeIDE_1.15.0\STM32CubeIDE\plugins\com.st.stm32cube.common.mx_6.11.0.202403141607\\db\/mcu/
2024-08-15 00:40:40,197 [INFO] ApiDb:274 - Set plugin database path to: C:\ST\STM32CubeIDE_1.15.0\STM32CubeIDE\plugins\com.st.stm32cube.common.mx_6.11.0.202403141607\\db\/plugins/boardmanager/
2024-08-15 00:40:40,197 [INFO] ApiDb:261 - Set plugin images path to: C:\ST\STM32CubeIDE_1.15.0\STM32CubeIDE\plugins\com.st.stm32cube.common.mx_6.11.0.202403141607\\db\/plugins/mcufinder/images/
2024-08-15 00:40:40,198 [WARN] DbFile:41 - Overriding database path with different value: C:\Users\Goggy\.stmcufinder\plugins\mcufinder/ => C:\Users\Goggy\.stmcufinder\plugins\mcufinder
2024-08-15 00:40:40,198 [INFO] ApiDb:250 - Set database path to: C:\Users\Goggy\.stmcufinder\plugins\mcufinder//mcu/
2024-08-15 00:40:40,198 [WARN] DbFile:41 - Overriding database path with different value: C:\Users\Goggy\.stmcufinder\plugins\mcufinder/ => C:\Users\Goggy\.stmcufinder\plugins\mcufinder
2024-08-15 00:40:40,198 [INFO] DbMcusAds:125 - Set database path to: C:\Users\Goggy\.stmcufinder\plugins\mcufinder//mcu/
2024-08-15 00:40:40,198 [WARN] DbFile:41 - Overriding database path with different value: C:\Users\Goggy\.stmcufinder\plugins\mcufinder/ => C:\Users\Goggy\.stmcufinder\plugins\mcufinder
2024-08-15 00:40:40,198 [WARN] DbFile:41 - Overriding database path with different value: C:\Users\Goggy\.stmcufinder\plugins\mcufinder/ => C:\Users\Goggy\.stmcufinder\plugins\mcufinder
2024-08-15 00:40:40,198 [INFO] CrossReferenceDbSqlite:203 - Set database path to: C:\Users\Goggy\.stmcufinder\plugins\mcufinder//mcu/cs/
2024-08-15 00:40:40,295 [INFO] MainPanel:264 - HeapMemory: 268435456
2024-08-15 00:40:40,433 [INFO] DbMcusXml:78 - Set database path to: C:\ST\STM32CubeIDE_1.15.0\STM32CubeIDE\plugins\com.st.stm32cube.common.mx_6.11.0.202403141607\\db\/mcu/
2024-08-15 00:40:40,433 [INFO] ApiDb:274 - Set plugin database path to: C:\ST\STM32CubeIDE_1.15.0\STM32CubeIDE\plugins\com.st.stm32cube.common.mx_6.11.0.202403141607\\db\/plugins/boardmanager/
2024-08-15 00:40:40,433 [INFO] ApiDb:261 - Set plugin images path to: C:\ST\STM32CubeIDE_1.15.0\STM32CubeIDE\plugins\com.st.stm32cube.common.mx_6.11.0.202403141607\\db\/plugins/mcufinder/images/
2024-08-15 00:40:40,433 [WARN] DbFile:41 - Overriding database path with different value: C:\Users\Goggy\.stmcufinder\plugins\mcufinder/ => C:\Users\Goggy\.stmcufinder\plugins\mcufinder
2024-08-15 00:40:40,434 [INFO] ApiDb:250 - Set database path to: C:\Users\Goggy\.stmcufinder\plugins\mcufinder//mcu/
2024-08-15 00:40:40,434 [WARN] DbFile:41 - Overriding database path with different value: C:\Users\Goggy\.stmcufinder\plugins\mcufinder/ => C:\Users\Goggy\.stmcufinder\plugins\mcufinder
2024-08-15 00:40:40,434 [INFO] DbMcusAds:125 - Set database path to: C:\Users\Goggy\.stmcufinder\plugins\mcufinder//mcu/
2024-08-15 00:40:40,434 [WARN] DbFile:41 - Overriding database path with different value: C:\Users\Goggy\.stmcufinder\plugins\mcufinder/ => C:\Users\Goggy\.stmcufinder\plugins\mcufinder
2024-08-15 00:40:40,434 [WARN] DbFile:41 - Overriding database path with different value: C:\Users\Goggy\.stmcufinder\plugins\mcufinder/ => C:\Users\Goggy\.stmcufinder\plugins\mcufinder
2024-08-15 00:40:40,434 [INFO] CrossReferenceDbSqlite:203 - Set database path to: C:\Users\Goggy\.stmcufinder\plugins\mcufinder//mcu/cs/
2024-08-15 00:40:40,452 [INFO] ApplicationProperties:184 - Using Application install path: C:\ST\STM32CubeIDE_1.15.0\STM32CubeIDE\plugins\com.st.stm32cube.common.mx_6.11.0.202403141607
2024-08-15 00:40:40,454 [INFO] PluginManage:196 - Search for loadable plugins [exclusion list=, ]
2024-08-15 00:40:40,456 [INFO] PluginManage:310 - Check plugin analytics
2024-08-15 00:40:40,679 [INFO] AnalyticsPlugin:253 - Accepted Software Licenses: 
2024-08-15 00:40:40,679 [INFO] AnalyticsPlugin:255 - Accepted CMSIS Pack Licenses: 
2024-08-15 00:40:40,679 [INFO] AnalyticsPlugin:257 - Accepted Firmware Licenses: 
2024-08-15 00:40:40,682 [INFO] PluginManage:359 - Loaded plugin analytics (category:tool,tabindex:-1)
2024-08-15 00:40:40,682 [INFO] PluginManage:310 - Check plugin cadmodel
2024-08-15 00:40:40,736 [INFO] CADModel:105 - Init CAD model plugin
2024-08-15 00:40:40,736 [INFO] PluginManage:359 - Loaded plugin cadmodel (category:power,tabindex:5)
2024-08-15 00:40:40,737 [INFO] PluginManage:310 - Check plugin clock
2024-08-15 00:40:40,780 [INFO] PluginManage:359 - Loaded plugin clock (category:base,tabindex:2)
2024-08-15 00:40:40,780 [INFO] PluginManage:310 - Check plugin ddr
2024-08-15 00:40:40,784 [INFO] PluginManage:359 - Loaded plugin ddr (category:tool,tabindex:6)
2024-08-15 00:40:40,784 [INFO] PluginManage:310 - Check plugin filemanager
2024-08-15 00:40:41,028 [INFO] PluginManage:359 - Loaded plugin filemanager (category:base,tabindex:10)
2024-08-15 00:40:41,029 [INFO] PluginManage:310 - Check plugin ipmanager
2024-08-15 00:40:41,036 [INFO] PluginManage:359 - Loaded plugin ipmanager (category:base,tabindex:5)
2024-08-15 00:40:41,036 [INFO] PluginManage:310 - Check plugin lpbam
2024-08-15 00:40:41,056 [INFO] PluginManage:359 - Loaded plugin lpbam (category:base,tabindex:0)
2024-08-15 00:40:41,056 [INFO] PluginManage:310 - Check plugin memorymap
2024-08-15 00:40:41,084 [INFO] PluginManage:359 - Loaded plugin memorymap (category:base,tabindex:4)
2024-08-15 00:40:41,084 [INFO] PluginManage:310 - Check plugin pinoutandconfiguration
2024-08-15 00:40:41,101 [INFO] PluginManage:359 - Loaded plugin pinoutandconfiguration (category:base,tabindex:1)
2024-08-15 00:40:41,102 [INFO] PluginManage:310 - Check plugin pinoutconfig
2024-08-15 00:40:41,224 [WARN] SupportedApi:132 - Cannot load RTOS API schema: s4s-elt-must-match.1: The content of 'definitions' must match (annotation?, (simpleType | complexType)?, (unique | key | keyref)*)). A problem was found starting at: attribute.
2024-08-15 00:40:41,381 [INFO] PluginManage:359 - Loaded plugin pinoutconfig (category:base,tabindex:0)
2024-08-15 00:40:41,381 [INFO] PluginManage:310 - Check plugin power
2024-08-15 00:40:41,405 [INFO] PluginManage:359 - Loaded plugin power (category:power,tabindex:4)
2024-08-15 00:40:41,405 [INFO] PluginManage:310 - Check plugin projectmanager
2024-08-15 00:40:41,428 [INFO] PluginManage:359 - Loaded plugin projectmanager (category:projectmanager,tabindex:3)
2024-08-15 00:40:41,429 [INFO] PluginManage:310 - Check plugin thirdparty
2024-08-15 00:40:41,810 [INFO] PluginManage:359 - Loaded plugin thirdparty (category:base,tabindex:-1)
2024-08-15 00:40:41,810 [INFO] PluginManage:310 - Check plugin tools
2024-08-15 00:40:41,810 [WARN] IntegrityCheckThread:84 - waiting for thirdparty lock release [integrity check]
2024-08-15 00:40:41,811 [INFO] IntegrityCheckThread:86 - entering critical section [integrity check]
2024-08-15 00:40:41,811 [INFO] ThirdPartyUpdaterWithRetryManager:70 - Updater plugin not ready yet. [1/15]
2024-08-15 00:40:41,848 [INFO] PluginManage:359 - Loaded plugin tools (category:base,tabindex:7)
2024-08-15 00:40:41,848 [INFO] PluginManage:310 - Check plugin tutovideos
2024-08-15 00:40:42,308 [INFO] PluginManage:359 - Loaded plugin tutovideos (category:base,tabindex:-1)
2024-08-15 00:40:42,308 [INFO] PluginManage:310 - Check plugin updater
2024-08-15 00:40:42,323 [INFO] PluginManage:359 - Loaded plugin updater (category:base,tabindex:12)
2024-08-15 00:40:42,324 [INFO] PluginManage:310 - Check plugin userauth
2024-08-15 00:40:42,331 [INFO] UserAuth:114 - Init User Auth plugin
2024-08-15 00:40:42,331 [INFO] PluginManage:359 - Loaded plugin userauth (category:base,tabindex:14)
2024-08-15 00:40:42,331 [INFO] PluginManage:283 - PluginManage : Loaded plugins [17]
2024-08-15 00:40:42,743 [INFO] PinOutPanel:1561 - setPackage(No Configuration,No Configuration)
2024-08-15 00:40:43,004 [INFO] CADModel:165 - CPN selected for project level
2024-08-15 00:40:43,004 [INFO] CADModel:114 - Register for checkConnection events
2024-08-15 00:40:43,065 [INFO] IPUIPlugin:80 - create IPUIPlugin
2024-08-15 00:40:43,065 [INFO] PluginManager:220 - loadIPPluginJar : add adc
2024-08-15 00:40:43,130 [INFO] IPUIPlugin:80 - create IPUIPlugin
2024-08-15 00:40:43,130 [INFO] PluginManager:220 - loadIPPluginJar : add aes
2024-08-15 00:40:43,177 [INFO] IPUIPlugin:80 - create IPUIPlugin
2024-08-15 00:40:43,177 [INFO] PluginManager:220 - loadIPPluginJar : add can
2024-08-15 00:40:43,204 [INFO] IPUIPlugin:80 - create IPUIPlugin
2024-08-15 00:40:43,204 [INFO] PluginManager:220 - loadIPPluginJar : add comp
2024-08-15 00:40:43,241 [INFO] IPUIPlugin:80 - create IPUIPlugin
2024-08-15 00:40:43,242 [INFO] PluginManager:220 - loadIPPluginJar : add cryp
2024-08-15 00:40:43,337 [INFO] IPUIPlugin:80 - create IPUIPlugin
2024-08-15 00:40:43,338 [INFO] PluginManager:220 - loadIPPluginJar : add dfsdm
2024-08-15 00:40:43,384 [INFO] IPUIPlugin:80 - create IPUIPlugin
2024-08-15 00:40:43,386 [INFO] PluginManager:220 - loadIPPluginJar : add dma
2024-08-15 00:40:43,556 [INFO] IPUIPlugin:80 - create IPUIPlugin
2024-08-15 00:40:43,556 [INFO] PluginManager:220 - loadIPPluginJar : add dma3
2024-08-15 00:40:43,807 [INFO] IPUIPlugin:80 - create IPUIPlugin
2024-08-15 00:40:43,807 [INFO] PluginManager:220 - loadIPPluginJar : add extmemmanager
2024-08-15 00:40:43,831 [INFO] IPUIPlugin:80 - create IPUIPlugin
2024-08-15 00:40:43,831 [INFO] PluginManager:220 - loadIPPluginJar : add fatfs
2024-08-15 00:40:43,932 [INFO] IPUIPlugin:80 - create IPUIPlugin
2024-08-15 00:40:43,932 [INFO] PluginManager:220 - loadIPPluginJar : add fmc
2024-08-15 00:40:43,969 [INFO] IPUIPlugin:80 - create IPUIPlugin
2024-08-15 00:40:43,969 [INFO] PluginManager:220 - loadIPPluginJar : add freertos
2024-08-15 00:40:44,026 [INFO] IPUIPlugin:80 - create IPUIPlugin
2024-08-15 00:40:44,026 [INFO] PluginManager:220 - loadIPPluginJar : add genericplugin
2024-08-15 00:40:44,149 [INFO] IPUIPlugin:80 - create IPUIPlugin
2024-08-15 00:40:44,149 [INFO] PluginManager:220 - loadIPPluginJar : add gfxmmu
2024-08-15 00:40:44,413 [INFO] IPUIPlugin:80 - create IPUIPlugin
2024-08-15 00:40:44,414 [INFO] PluginManager:220 - loadIPPluginJar : add gic
2024-08-15 00:40:44,427 [INFO] IPUIPlugin:80 - create IPUIPlugin
2024-08-15 00:40:44,427 [INFO] PluginManager:220 - loadIPPluginJar : add gpio
2024-08-15 00:40:44,534 [INFO] IPUIPlugin:80 - create IPUIPlugin
2024-08-15 00:40:44,534 [INFO] PluginManager:220 - loadIPPluginJar : add gtzc
2024-08-15 00:40:44,572 [INFO] IPUIPlugin:80 - create IPUIPlugin
2024-08-15 00:40:44,572 [INFO] PluginManager:220 - loadIPPluginJar : add hash
2024-08-15 00:40:44,638 [INFO] IPUIPlugin:80 - create IPUIPlugin
2024-08-15 00:40:44,638 [INFO] PluginManager:220 - loadIPPluginJar : add i2c
2024-08-15 00:40:44,688 [INFO] IPUIPlugin:80 - create IPUIPlugin
2024-08-15 00:40:44,688 [INFO] PluginManager:220 - loadIPPluginJar : add i2s
2024-08-15 00:40:44,738 [INFO] IPUIPlugin:80 - create IPUIPlugin
2024-08-15 00:40:44,738 [INFO] PluginManager:220 - loadIPPluginJar : add i3c
2024-08-15 00:40:44,812 [INFO] ThirdPartyUpdaterWithRetryManager:70 - Updater plugin not ready yet. [2/15]
2024-08-15 00:40:44,854 [INFO] IPUIPlugin:80 - create IPUIPlugin
2024-08-15 00:40:44,855 [INFO] PluginManager:220 - loadIPPluginJar : add ipddr
2024-08-15 00:40:44,970 [INFO] IPUIPlugin:80 - create IPUIPlugin
2024-08-15 00:40:44,971 [INFO] PluginManager:220 - loadIPPluginJar : add linkedlist
2024-08-15 00:40:45,019 [INFO] IPUIPlugin:80 - create IPUIPlugin
2024-08-15 00:40:45,020 [INFO] PluginManager:220 - loadIPPluginJar : add lorawan
2024-08-15 00:40:45,061 [INFO] IPUIPlugin:80 - create IPUIPlugin
2024-08-15 00:40:45,062 [INFO] PluginManager:220 - loadIPPluginJar : add ltdc
2024-08-15 00:40:45,079 [INFO] IPUIPlugin:80 - create IPUIPlugin
2024-08-15 00:40:45,079 [INFO] PluginManager:220 - loadIPPluginJar : add mdma
2024-08-15 00:40:45,093 [INFO] IPUIPlugin:80 - create IPUIPlugin
2024-08-15 00:40:45,093 [INFO] PluginManager:220 - loadIPPluginJar : add nvic
2024-08-15 00:40:45,136 [INFO] IPUIPlugin:80 - create IPUIPlugin
2024-08-15 00:40:45,136 [INFO] PluginManager:220 - loadIPPluginJar : add opamp
2024-08-15 00:40:45,214 [INFO] IPUIPlugin:80 - create IPUIPlugin
2024-08-15 00:40:45,216 [INFO] PluginManager:220 - loadIPPluginJar : add openamp
2024-08-15 00:40:45,263 [INFO] IPUIPlugin:80 - create IPUIPlugin
2024-08-15 00:40:45,263 [INFO] PluginManager:220 - loadIPPluginJar : add pdm2pcm
2024-08-15 00:40:45,278 [INFO] IPUIPlugin:80 - create IPUIPlugin
2024-08-15 00:40:45,283 [INFO] PluginManager:220 - loadIPPluginJar : add plateformsettings
2024-08-15 00:40:45,313 [INFO] IPUIPlugin:80 - create IPUIPlugin
2024-08-15 00:40:45,313 [INFO] PluginManager:220 - loadIPPluginJar : add quadspi
2024-08-15 00:40:45,331 [INFO] IPUIPlugin:80 - create IPUIPlugin
2024-08-15 00:40:45,331 [INFO] PluginManager:220 - loadIPPluginJar : add resmgrutility
2024-08-15 00:40:45,490 [INFO] IPUIPlugin:80 - create IPUIPlugin
2024-08-15 00:40:45,490 [INFO] PluginManager:220 - loadIPPluginJar : add sai
2024-08-15 00:40:45,535 [INFO] IPUIPlugin:80 - create IPUIPlugin
2024-08-15 00:40:45,535 [INFO] PluginManager:220 - loadIPPluginJar : add spi
2024-08-15 00:40:45,612 [INFO] IPUIPlugin:80 - create IPUIPlugin
2024-08-15 00:40:45,612 [INFO] PluginManager:220 - loadIPPluginJar : add stm32_wpan
2024-08-15 00:40:45,640 [INFO] IPUIPlugin:80 - create IPUIPlugin
2024-08-15 00:40:45,640 [INFO] PluginManager:220 - loadIPPluginJar : add tim
2024-08-15 00:40:45,708 [INFO] IPUIPlugin:80 - create IPUIPlugin
2024-08-15 00:40:45,708 [INFO] PluginManager:220 - loadIPPluginJar : add touchsensing
2024-08-15 00:40:45,734 [INFO] IPUIPlugin:80 - create IPUIPlugin
2024-08-15 00:40:45,734 [INFO] PluginManager:220 - loadIPPluginJar : add tracer_emb
2024-08-15 00:40:45,758 [INFO] IPUIPlugin:80 - create IPUIPlugin
2024-08-15 00:40:45,758 [INFO] PluginManager:220 - loadIPPluginJar : add ts
2024-08-15 00:40:45,782 [INFO] IPUIPlugin:80 - create IPUIPlugin
2024-08-15 00:40:45,782 [INFO] PluginManager:220 - loadIPPluginJar : add tsc
2024-08-15 00:40:45,808 [INFO] IPUIPlugin:80 - create IPUIPlugin
2024-08-15 00:40:45,808 [INFO] PluginManager:220 - loadIPPluginJar : add ucpd
2024-08-15 00:40:45,880 [INFO] IPUIPlugin:80 - create IPUIPlugin
2024-08-15 00:40:45,880 [INFO] PluginManager:220 - loadIPPluginJar : add usart
2024-08-15 00:40:46,068 [INFO] IPUIPlugin:80 - create IPUIPlugin
2024-08-15 00:40:46,068 [INFO] PluginManager:220 - loadIPPluginJar : add usbx
2024-08-15 00:40:46,199 [INFO] CADModel:165 - CPN selected for project level
2024-08-15 00:40:46,199 [INFO] CADModel:114 - Register for checkConnection events
2024-08-15 00:40:46,199 [FATAL] Updater:308 - Updater called before beeing initialized
2024-08-15 00:40:46,199 [ERROR] CADModel:125 - Updater not yet initialized, retry later 
2024-08-15 00:40:46,366 [INFO] CADModel:165 - CPN selected for project level
2024-08-15 00:40:46,366 [INFO] CADModel:114 - Register for checkConnection events
2024-08-15 00:40:46,366 [FATAL] Updater:308 - Updater called before beeing initialized
2024-08-15 00:40:46,366 [ERROR] CADModel:125 - Updater not yet initialized, retry later 
2024-08-15 00:40:46,368 [FATAL] Updater:308 - Updater called before beeing initialized
2024-08-15 00:40:46,510 [FATAL] Updater:308 - Updater called before beeing initialized
2024-08-15 00:40:46,523 [INFO] DbMcusAds:53 - JSON generation date=Thu May 16 12:22:00 MSK 2024 (1715851320667)
2024-08-15 00:40:46,523 [FATAL] Updater:308 - Updater called before beeing initialized
2024-08-15 00:40:46,611 [WARN] DetailPanel:346 - Failed to get advertising image, set to default
2024-08-15 00:40:46,717 [FATAL] Updater:308 - Updater called before beeing initialized
2024-08-15 00:40:46,719 [FATAL] Updater:308 - Updater called before beeing initialized
2024-08-15 00:40:46,720 [FATAL] Updater:308 - Updater called before beeing initialized
2024-08-15 00:40:46,720 [WARN] DetailPanel:346 - Failed to get advertising image, set to default
2024-08-15 00:40:46,720 [FATAL] Updater:308 - Updater called before beeing initialized
2024-08-15 00:40:47,079 [ERROR] Updater:1120 - MainUpdater not yet initialized. External WinMGr cannot be set.
2024-08-15 00:40:47,093 [INFO] Updater:1056 - Updater Version found : 6.11.0
2024-08-15 00:40:47,130 [INFO] ApplicationProperties:184 - Using Application install path: C:\ST\STM32CubeIDE_1.15.0\STM32CubeIDE\plugins\com.st.stm32cube.common.mx_6.11.0.202403141607
2024-08-15 00:40:47,813 [INFO] ThirdPartyUpdaterWithRetryManager:70 - Updater plugin not ready yet. [3/15]
2024-08-15 00:40:48,722 [ERROR] LogOutputStream:75 - [STDERR_REDIRECT] Aug 15, 2024 12:40:48 AM java.util.prefs.WindowsPreferences <init>
2024-08-15 00:40:48,724 [ERROR] LogOutputStream:75 - [STDERR_REDIRECT] WARNING: Could not open/create prefs root node Software\JavaSoft\Prefs at root 0xffffffff80000002. Windows RegCreateKeyEx(...) returned error code 5.
2024-08-15 00:40:48,724 [ERROR] LogOutputStream:75 - [STDERR_REDIRECT] 
2024-08-15 00:40:49,451 [INFO] MainUpdater:2873 - connection check result : 10
2024-08-15 00:40:49,451 [INFO] MainUpdater:3567 - Updater definition file requires update
2024-08-15 00:40:49,452 [INFO] MainUpdater:290 - Updater Check For Update Now.
2024-08-15 00:40:49,452 [INFO] MicroXplorer:498 - Change Database Version : DB.6.0.110
2024-08-15 00:40:49,468 [INFO] McuFinderGlobals:63 - Set McuFinder mode to 2 (CubeIDE integrated)
2024-08-15 00:40:49,468 [INFO] UserAuth:179 - activating auth plugin
2024-08-15 00:40:49,471 [INFO] UserAuth:415 - Internet connection configuration mode: 1
2024-08-15 00:40:49,503 [INFO] JxBrowserEngine:152 - Initiate JxBrowser Engine with user profile folder
2024-08-15 00:40:49,588 [INFO] ServerAccessManage:473 - Download File updaters.zip
2024-08-15 00:40:49,961 [INFO] FileExtend:240 - Unzip File : updaters.zip
2024-08-15 00:40:49,961 [INFO] FileExtend:255 - Standard Zip Deflate
2024-08-15 00:40:50,597 [INFO] ServerAccessManage:473 - Download File PacksControlFlags.xml
2024-08-15 00:40:50,813 [WARN] MainUpdater:1194 - Updater busy. Cannot search thirdparties
2024-08-15 00:40:50,814 [INFO] ThirdPartyUpdaterWithRetryManager:96 - Updater plugin is busy. [1/15]
2024-08-15 00:40:50,919 [INFO] ServerAccessManage:473 - Download File cubemx.pidx
2024-08-15 00:40:52,511 [INFO] ServerAccessManage:473 - Download File STMicroelectronics.X-CUBE-TOF1.pdsc
2024-08-15 00:40:53,814 [WARN] MainUpdater:1194 - Updater busy. Cannot search thirdparties
2024-08-15 00:40:53,814 [INFO] ThirdPartyUpdaterWithRetryManager:96 - Updater plugin is busy. [2/15]
2024-08-15 00:40:55,615 [ERROR] ServerAccessManage:1089 - Problem, file not found on Server
2024-08-15 00:40:55,649 [INFO] WebApp:161 - Instantiating new browser for Auth
2024-08-15 00:40:56,137 [INFO] ServerAccessManage:473 - Download File STMicroelectronics.X-CUBE-AZRTOS-H7.pdsc
2024-08-15 00:40:56,601 [INFO] WebApp:779 - Register for checkConnection events
2024-08-15 00:40:56,601 [INFO] WebApp:414 - Apply proxy settings
2024-08-15 00:40:56,601 [INFO] WebApp:499 - Chromium requires no authentication
2024-08-15 00:40:56,610 [INFO] WebApp:442 - Direct internet connection detected
2024-08-15 00:40:56,811 [INFO] WebApp:192 - Starting web application
2024-08-15 00:40:56,812 [INFO] WebApp:544 - Web application path used C:\ST\STM32CubeIDE_1.15.0\STM32CubeIDE\plugins\com.st.stm32cube.common.mx_6.11.0.202403141607\db\plugins\mcufinder\reactClient1\index.html
2024-08-15 00:40:56,815 [WARN] MainUpdater:1194 - Updater busy. Cannot search thirdparties
2024-08-15 00:40:56,815 [INFO] ThirdPartyUpdaterWithRetryManager:96 - Updater plugin is busy. [3/15]
2024-08-15 00:40:59,567 [ERROR] ServerAccessManage:1172 - Problem during Server Connection :  IO error PKIX path building failed: sun.security.provider.certpath.SunCertPathBuilderException: unable to find valid certification path to requested target
2024-08-15 00:40:59,567 [ERROR] ServerAccessManage:651 - Problem during Server Connection :  : wolfSSL.I-CUBE-wolfSSL.pdsc.
2024-08-15 00:40:59,809 [ERROR] ServerAccessManage:1172 - Problem during Server Connection :  IO error PKIX path building failed: sun.security.provider.certpath.SunCertPathBuilderException: unable to find valid certification path to requested target
2024-08-15 00:40:59,809 [ERROR] ServerAccessManage:651 - Problem during Server Connection :  : wolfSSL.I-CUBE-wolfMQTT.pdsc.
2024-08-15 00:40:59,815 [WARN] MainUpdater:1194 - Updater busy. Cannot search thirdparties
2024-08-15 00:40:59,815 [INFO] ThirdPartyUpdaterWithRetryManager:96 - Updater plugin is busy. [4/15]
2024-08-15 00:41:00,063 [ERROR] ServerAccessManage:1172 - Problem during Server Connection :  IO error PKIX path building failed: sun.security.provider.certpath.SunCertPathBuilderException: unable to find valid certification path to requested target
2024-08-15 00:41:00,063 [ERROR] ServerAccessManage:651 - Problem during Server Connection :  : wolfSSL.I-CUBE-wolfTPM.pdsc.
2024-08-15 00:41:00,325 [ERROR] ServerAccessManage:1172 - Problem during Server Connection :  IO error PKIX path building failed: sun.security.provider.certpath.SunCertPathBuilderException: unable to find valid certification path to requested target
2024-08-15 00:41:00,325 [ERROR] ServerAccessManage:651 - Problem during Server Connection :  : wolfSSL.I-CUBE-wolfSSH.pdsc.
2024-08-15 00:41:00,577 [WARN] PackLoader:240 - Cannot read IP mode file for STMicroelectronics.X-CUBE-TOF1.3.4.2
2024-08-15 00:41:00,613 [WARN] PackLoader:240 - Cannot read IP mode file for STMicroelectronics.X-CUBE-AZRTOS-H7.3.3.0
2024-08-15 00:41:00,617 [INFO] PopulateThirdPartyThread:66 - Ending populate Thread
2024-08-15 00:41:00,619 [INFO] ThirdParty:1030 - CMSIS Pack Vendor :STMicroelectronics X-CUBE-AZRTOS-H7 3.3.0
2024-08-15 00:41:00,619 [INFO] ThirdParty:1030 - CMSIS Pack Vendor :STMicroelectronics X-CUBE-TOF1 3.4.2
2024-08-15 00:41:00,619 [INFO] LoadServerUpdatesThread:375 - End of LoadServerUpdate Thread
2024-08-15 00:41:00,759 [INFO] CheckServerUpdateThread:120 - End of CheckServer Thread
2024-08-15 00:41:02,969 [WARN] PackLoader:240 - Cannot read IP mode file for STMicroelectronics.FP-SNS-MOTENVWB1.1.4.0
2024-08-15 00:41:02,982 [WARN] PackLoader:240 - Cannot read IP mode file for STMicroelectronics.X-CUBE-SMBUS.2.1.0
2024-08-15 00:41:02,994 [WARN] PackLoader:240 - Cannot read IP mode file for STMicroelectronics.X-CUBE-TOUCHGFX.4.23.2
2024-08-15 00:41:03,021 [WARN] PackLoader:240 - Cannot read IP mode file for STMicroelectronics.X-CUBE-AZRTOS-F7.1.1.0
2024-08-15 00:41:03,035 [WARN] PackLoader:240 - Cannot read IP mode file for STMicroelectronics.FP-SNS-FLIGHT1.5.0.2
2024-08-15 00:41:03,050 [WARN] PackLoader:240 - Cannot read IP mode file for STMicroelectronics.X-CUBE-DISPLAY.3.0.0
2024-08-15 00:41:03,066 [WARN] PackLoader:240 - Cannot read IP mode file for STMicroelectronics.X-CUBE-BLE1.7.0.0
2024-08-15 00:41:03,079 [WARN] PackLoader:240 - Cannot read IP mode file for emotas.I-CUBE-CANOPEN.1.3.0
2024-08-15 00:41:03,095 [WARN] PackLoader:240 - Cannot read IP mode file for STMicroelectronics.X-CUBE-BLEMGR.3.1.0
2024-08-15 00:41:03,109 [WARN] PackLoader:240 - Cannot read IP mode file for STMicroelectronics.FP-SNS-SMARTAG2.1.2.0
2024-08-15 00:41:03,131 [INFO] LogOutputStream:77 - [STDOUT_REDIRECT] 1 : Invalid condition id : UX_CORESTACK_Condition cause : null
2024-08-15 00:41:03,132 [INFO] LogOutputStream:77 - [STDOUT_REDIRECT] 1 : Invalid condition id : UX_CORESTACK_Condition cause : null
2024-08-15 00:41:03,133 [INFO] LogOutputStream:77 - [STDOUT_REDIRECT] 1 : Invalid condition id : UX_CORESTACK_Condition cause : null
2024-08-15 00:41:03,133 [INFO] LogOutputStream:77 - [STDOUT_REDIRECT] 1 : Invalid condition id : UX_CORESTACK_Condition cause : null
2024-08-15 00:41:03,135 [INFO] LogOutputStream:77 - [STDOUT_REDIRECT] 1 : Invalid condition id : UX_CORESTACK_Condition cause : null
2024-08-15 00:41:03,138 [WARN] PackLoader:240 - Cannot read IP mode file for STMicroelectronics.X-CUBE-AZRTOS-WL.2.0.0
2024-08-15 00:41:03,151 [WARN] PackLoader:240 - Cannot read IP mode file for STMicroelectronics.FP-SNS-MOTENV1.5.0.0
2024-08-15 00:41:03,165 [WARN] PackLoader:240 - Cannot read IP mode file for WES.I-CUBE-Cesium.1.3.0
2024-08-15 00:41:03,177 [WARN] PackLoader:240 - Cannot read IP mode file for STMicroelectronics.X-CUBE-BLE2.3.3.0
2024-08-15 00:41:03,191 [WARN] PackLoader:240 - Cannot read IP mode file for STMicroelectronics.X-CUBE-TCPP.4.1.0
2024-08-15 00:41:03,219 [WARN] PackLoader:240 - Cannot read IP mode file for STMicroelectronics.X-CUBE-AZRTOS-G0.1.1.0
2024-08-15 00:41:03,234 [WARN] PackLoader:240 - Cannot read IP mode file for STMicroelectronics.X-CUBE-SAFEA1.1.2.2
2024-08-15 00:41:03,249 [WARN] PackLoader:240 - Cannot read IP mode file for STMicroelectronics.X-CUBE-NFC4.3.0.0
2024-08-15 00:41:03,268 [WARN] PackLoader:240 - Cannot read IP mode file for EmbeddedOffice.I-CUBE-FS-RTOS.1.0.1
2024-08-15 00:41:03,268 [ERROR] ConditionMgr:805 - Attr not supported : Dmpu
2024-08-15 00:41:03,268 [ERROR] ConditionMgr:805 - Attr not supported : Dmpu
2024-08-15 00:41:03,268 [ERROR] ConditionMgr:805 - Attr not supported : Dmpu
2024-08-15 00:41:03,268 [ERROR] ConditionMgr:805 - Attr not supported : Dmpu
2024-08-15 00:41:03,268 [ERROR] ConditionMgr:805 - Attr not supported : Dmpu
2024-08-15 00:41:03,268 [ERROR] ConditionMgr:805 - Attr not supported : Dmpu
2024-08-15 00:41:03,268 [ERROR] ConditionMgr:805 - Attr not supported : Dmpu
2024-08-15 00:41:03,268 [ERROR] ConditionMgr:805 - Attr not supported : Dmpu
2024-08-15 00:41:03,268 [ERROR] ConditionMgr:805 - Attr not supported : Dmpu
2024-08-15 00:41:03,268 [ERROR] ConditionMgr:805 - Attr not supported : Dmpu
2024-08-15 00:41:03,268 [ERROR] ConditionMgr:805 - Attr not supported : Dmpu
2024-08-15 00:41:03,268 [ERROR] ConditionMgr:805 - Attr not supported : Dmpu
2024-08-15 00:41:03,269 [ERROR] ConditionMgr:805 - Attr not supported : Dmpu
2024-08-15 00:41:03,269 [ERROR] ConditionMgr:805 - Attr not supported : Dmpu
2024-08-15 00:41:03,269 [ERROR] ConditionMgr:805 - Attr not supported : Dmpu
2024-08-15 00:41:03,269 [ERROR] ConditionMgr:805 - Attr not supported : Dmpu
2024-08-15 00:41:03,269 [ERROR] ConditionMgr:805 - Attr not supported : Dmpu
2024-08-15 00:41:03,269 [ERROR] ConditionMgr:805 - Attr not supported : Dmpu
2024-08-15 00:41:03,269 [ERROR] ConditionMgr:805 - Attr not supported : Dmpu
2024-08-15 00:41:03,269 [ERROR] ConditionMgr:805 - Attr not supported : Dmpu
2024-08-15 00:41:03,269 [ERROR] ConditionMgr:805 - Attr not supported : Dmpu
2024-08-15 00:41:03,269 [ERROR] ConditionMgr:805 - Attr not supported : Dmpu
2024-08-15 00:41:03,269 [ERROR] ConditionMgr:805 - Attr not supported : Dmpu
2024-08-15 00:41:03,269 [ERROR] ConditionMgr:805 - Attr not supported : Dmpu
2024-08-15 00:41:03,269 [ERROR] ConditionMgr:805 - Attr not supported : Dmpu
2024-08-15 00:41:03,269 [ERROR] ConditionMgr:805 - Attr not supported : Dmpu
2024-08-15 00:41:03,269 [ERROR] ConditionMgr:805 - Attr not supported : Dmpu
2024-08-15 00:41:03,269 [ERROR] ConditionMgr:805 - Attr not supported : Dmpu
2024-08-15 00:41:03,269 [ERROR] ConditionMgr:805 - Attr not supported : Dmpu
2024-08-15 00:41:03,269 [ERROR] ConditionMgr:805 - Attr not supported : Dmpu
2024-08-15 00:41:03,269 [ERROR] ConditionMgr:805 - Attr not supported : Dmpu
2024-08-15 00:41:03,270 [ERROR] ConditionMgr:805 - Attr not supported : Dmpu
2024-08-15 00:41:03,270 [ERROR] ConditionMgr:805 - Attr not supported : Dmpu
2024-08-15 00:41:03,270 [ERROR] ConditionMgr:805 - Attr not supported : Dmpu
2024-08-15 00:41:03,270 [ERROR] ConditionMgr:805 - Attr not supported : Dmpu
2024-08-15 00:41:03,270 [ERROR] ConditionMgr:805 - Attr not supported : Dmpu
2024-08-15 00:41:03,270 [ERROR] ConditionMgr:805 - Attr not supported : Dmpu
2024-08-15 00:41:03,270 [ERROR] ConditionMgr:805 - Attr not supported : Dmpu
2024-08-15 00:41:03,270 [ERROR] ConditionMgr:805 - Attr not supported : Dmpu
2024-08-15 00:41:03,270 [ERROR] ConditionMgr:805 - Attr not supported : Dmpu
2024-08-15 00:41:03,270 [ERROR] ConditionMgr:805 - Attr not supported : Dmpu
2024-08-15 00:41:03,271 [ERROR] ConditionMgr:805 - Attr not supported : Dmpu
2024-08-15 00:41:03,271 [ERROR] ConditionMgr:805 - Attr not supported : Dmpu
2024-08-15 00:41:03,271 [ERROR] ConditionMgr:805 - Attr not supported : Dmpu
2024-08-15 00:41:03,271 [ERROR] ConditionMgr:805 - Attr not supported : Dmpu
2024-08-15 00:41:03,271 [ERROR] ConditionMgr:805 - Attr not supported : Dmpu
2024-08-15 00:41:03,271 [ERROR] ConditionMgr:805 - Attr not supported : Dmpu
2024-08-15 00:41:03,271 [ERROR] ConditionMgr:805 - Attr not supported : Dmpu
2024-08-15 00:41:03,271 [ERROR] ConditionMgr:805 - Attr not supported : Dmpu
2024-08-15 00:41:03,271 [ERROR] ConditionMgr:805 - Attr not supported : Dmpu
2024-08-15 00:41:03,271 [ERROR] ConditionMgr:805 - Attr not supported : Dmpu
2024-08-15 00:41:03,271 [ERROR] ConditionMgr:805 - Attr not supported : Dmpu
2024-08-15 00:41:03,271 [ERROR] ConditionMgr:805 - Attr not supported : Dmpu
2024-08-15 00:41:03,271 [ERROR] ConditionMgr:805 - Attr not supported : Dmpu
2024-08-15 00:41:03,271 [ERROR] ConditionMgr:805 - Attr not supported : Dmpu
2024-08-15 00:41:03,271 [ERROR] ConditionMgr:805 - Attr not supported : Dmpu
2024-08-15 00:41:03,271 [ERROR] ConditionMgr:805 - Attr not supported : Dmpu
2024-08-15 00:41:03,271 [ERROR] ConditionMgr:805 - Attr not supported : Dmpu
2024-08-15 00:41:03,271 [ERROR] ConditionMgr:805 - Attr not supported : Dmpu
2024-08-15 00:41:03,271 [ERROR] ConditionMgr:805 - Attr not supported : Dmpu
2024-08-15 00:41:03,272 [ERROR] ConditionMgr:805 - Attr not supported : Dmpu
2024-08-15 00:41:03,272 [ERROR] ConditionMgr:805 - Attr not supported : Dmpu
2024-08-15 00:41:03,272 [ERROR] ConditionMgr:805 - Attr not supported : Dmpu
2024-08-15 00:41:03,272 [ERROR] ConditionMgr:805 - Attr not supported : Dmpu
2024-08-15 00:41:03,284 [WARN] PackLoader:240 - Cannot read IP mode file for RealThread.X-CUBE-RT-Thread_Nano.4.1.1
2024-08-15 00:41:03,289 [WARN] PackLoader:240 - Cannot read IP mode file for STMicroelectronics.FP-ATR-SIGFOX1.3.2.0
2024-08-15 00:41:03,301 [WARN] PackLoader:240 - Cannot read IP mode file for STMicroelectronics.X-CUBE-EEPRMA1.5.1.0
2024-08-15 00:41:03,318 [WARN] PackLoader:240 - Cannot read IP mode file for ITTIA_DB.I-CUBE-ITTIADB.8.9.0
2024-08-15 00:41:03,379 [WARN] PackLoader:240 - Cannot read IP mode file for SEGGER.I-CUBE-embOS.1.3.1
2024-08-15 00:41:03,435 [WARN] PackLoader:240 - Cannot read IP mode file for STMicroelectronics.X-CUBE-ALGOBUILD.1.4.0
2024-08-15 00:41:03,450 [WARN] PackLoader:240 - Cannot read IP mode file for STMicroelectronics.X-CUBE-GNSS1.6.0.0
2024-08-15 00:41:03,478 [WARN] PackLoader:240 - Cannot read IP mode file for STMicroelectronics.X-CUBE-AZRTOS-F4.1.1.0
2024-08-15 00:41:03,498 [WARN] PackLoader:240 - Cannot read IP mode file for STMicroelectronics.X-CUBE-FREERTOS.1.2.0
2024-08-15 00:41:03,526 [WARN] PackLoader:240 - Cannot read IP mode file for STMicroelectronics.X-CUBE-AZRTOS-L5.2.0.0
2024-08-15 00:41:03,545 [WARN] PackLoader:240 - Cannot read IP mode file for STMicroelectronics.X-CUBE-NFC6.3.1.0
2024-08-15 00:41:03,559 [WARN] PackLoader:240 - Cannot read IP mode file for STMicroelectronics.X-CUBE-DPower.1.2.0
2024-08-15 00:41:03,572 [WARN] PackLoader:240 - Cannot read IP mode file for STMicroelectronics.X-CUBE-AI.9.0.0
2024-08-15 00:41:03,591 [WARN] PackLoader:240 - Cannot read IP mode file for STMicroelectronics.X-CUBE-NFC7.1.0.1
2024-08-15 00:41:03,623 [WARN] ConditionMgr:438 - getConditionDescription Invalid condition id : LAN8742 Phy interface Condition cause : null
2024-08-15 00:41:03,623 [WARN] PackLoader:240 - Cannot read IP mode file for STMicroelectronics.X-CUBE-AZRTOS-L4.2.0.0
2024-08-15 00:41:03,624 [WARN] ConditionMgr:1039 - genDependencies : Invalid condition id : LAN8742 Phy interface Condition cause : null
2024-08-15 00:41:03,624 [WARN] ConditionMgr:1039 - genDependencies : Invalid condition id : LAN8742 Phy interface Condition cause : null
2024-08-15 00:41:03,624 [WARN] ConditionMgr:1039 - genDependencies : Invalid condition id : LAN8742 Phy interface Condition cause : null
2024-08-15 00:41:03,644 [WARN] PackLoader:240 - Cannot read IP mode file for STMicroelectronics.X-CUBE-SFXS2LP1.4.0.0
2024-08-15 00:41:03,721 [WARN] PackLoader:240 - Cannot read IP mode file for STMicroelectronics.X-CUBE-AZRTOS-H7.3.3.0
2024-08-15 00:41:03,752 [WARN] ConditionMgr:438 - getConditionDescription Invalid condition id : UX DEVICE CLASS RTOS Condition cause : null
2024-08-15 00:41:03,752 [WARN] ConditionMgr:438 - getConditionDescription Invalid condition id : UX DEVICE CLASS RTOS Condition cause : null
2024-08-15 00:41:03,753 [WARN] PackLoader:240 - Cannot read IP mode file for STMicroelectronics.X-CUBE-AZRTOS-WB.2.0.0
2024-08-15 00:41:03,754 [WARN] ConditionMgr:1039 - genDependencies : Invalid condition id : UX DEVICE CLASS RTOS Condition cause : null
2024-08-15 00:41:03,754 [WARN] ConditionMgr:1039 - genDependencies : Invalid condition id : UX DEVICE CLASS RTOS Condition cause : null
2024-08-15 00:41:03,754 [WARN] ConditionMgr:1039 - genDependencies : Invalid condition id : UX DEVICE CLASS RTOS Condition cause : null
2024-08-15 00:41:03,754 [WARN] ConditionMgr:1039 - genDependencies : Invalid condition id : UX DEVICE CLASS RTOS Condition cause : null
2024-08-15 00:41:03,754 [WARN] ConditionMgr:1039 - genDependencies : Invalid condition id : UX DEVICE CLASS RTOS Condition cause : null
2024-08-15 00:41:03,770 [WARN] PackLoader:240 - Cannot read IP mode file for STMicroelectronics.FP-SNS-STBOX1.2.0.0
2024-08-15 00:41:03,790 [WARN] PackLoader:240 - Cannot read IP mode file for STMicroelectronics.X-CUBE-SUBG2.5.0.0
2024-08-15 00:41:03,798 [WARN] PackLoader:240 - Cannot read IP mode file for Cesanta.I-CUBE-Mongoose.7.13.0
2024-08-15 00:41:03,823 [WARN] PackLoader:240 - Cannot read IP mode file for STMicroelectronics.X-CUBE-AZRTOS-G4.2.0.0
2024-08-15 00:41:03,839 [WARN] PackLoader:240 - Cannot read IP mode file for STMicroelectronics.X-CUBE-ISPU.2.0.0
2024-08-15 00:41:03,851 [WARN] PackLoader:240 - Cannot read IP mode file for STMicroelectronics.X-CUBE-ALS.1.0.2
2024-08-15 00:41:03,897 [WARN] PackLoader:240 - Cannot read IP mode file for STMicroelectronics.X-CUBE-MEMS1.10.0.0
2024-08-15 00:41:04,008 [WARN] PackLoader:240 - Cannot read IP mode file for STMicroelectronics.X-CUBE-TOUCHGFX.4.24.0
2024-08-15 00:41:04,023 [WARN] PackLoader:240 - Cannot read IP mode file for portGmbH.I-Cube-SoM-uGOAL.1.1.0
2024-08-15 00:41:04,083 [WARN] PackLoader:240 - Cannot read IP mode file for STMicroelectronics.X-CUBE-AZRTOS-H7RS.1.0.0
2024-08-15 00:41:04,090 [WARN] PackLoader:240 - Cannot read IP mode file for STMicroelectronics.FP-ATR-ASTRA1.2.0.0
2024-08-15 00:41:04,099 [WARN] PackLoader:240 - Cannot read IP mode file for STMicroelectronics.X-CUBE-TOF1.3.4.2
2024-08-15 00:41:04,128 [WARN] PackLoader:240 - Cannot read IP mode file for STMicroelectronics.X-CUBE-TOF1.3.4.1
2024-08-15 00:41:04,162 [WARN] PackLoader:240 - Cannot read IP mode file for STMicroelectronics.X-CUBE-AZRTOS-H7.3.2.0
2024-08-15 00:41:04,185 [WARN] PackLoader:240 - Cannot read IP mode file for Infineon.AIROC-Wi-Fi-Bluetooth-STM32.1.6.0
2024-08-15 00:41:04,188 [INFO] ThirdParty:978 - Integrity check success = true
2024-08-15 00:41:04,188 [INFO] IntegrityCheckThread:100 - exiting critical section [integrity check]
2024-08-15 00:41:04,188 [INFO] IntegrityCheckThread:103 - End integrity checks thread
2024-08-15 02:33:56,248 [ERROR] ConfigurationRetriever:142 - IOException on connection: Read timed out
2024-08-15 02:33:58,250 [ERROR] ConfigurationRetriever:142 - IOException on connection: Read timed out
2024-08-15 02:34:00,260 [ERROR] ConfigurationRetriever:142 - IOException on connection: Read timed out
